stdio    D         file_stdio.c:110  file_stdio_fopen                 [   0.00000] opening C:\Users\TSAOHA~1\Desktop\GITHUB\HELLO_~1\final\ALLEGR~1\bin\Debug\allegro5.cfg r
system   D            wsystem.c:788  _al_win_safe_load_library        [   0.00000] PathFindOnPath found: C:\Windows\system32\shcore.dll
system   D            wsystem.c:699  load_library_at_path             [   0.00000] Calling LoadLibrary C:\Windows\system32\shcore.dll
system   I            wsystem.c:702  load_library_at_path             [   0.00000] Loaded C:\Windows\system32\shcore.dll
system   I             system.c:264  al_install_system                [   0.00000] Allegro version: 5.2.4
audio-dsound I           dsound.cpp:271  _dsound_open                     [   0.00020] Starting DirectSound...
audio-dsound D           dsound.cpp:280  _dsound_open                     [   0.18350] DirectSoundCreate8 succeeded
audio-dsound I           dsound.cpp:73   get_window                       [   0.18351] Using desktop window: 0000000000010010
audio    I              audio.c:347  do_install_audio                 [   0.18357] Using DirectSound driver
audio-dsound D           dsound.cpp:311  _dsound_allocate_voice           [   0.18360] Allocating voice
audio-dsound D           dsound.cpp:370  _dsound_allocate_voice           [   0.18360] Allocated voice
dtor     D               dtor.c:196  _al_register_destructor          [   0.18361] added dtor for voice 0000000000907A10, func 0000000061BEEBB3
dtor     D               dtor.c:196  _al_register_destructor          [   0.18362] added dtor for mixer 0000000000907D30, func 0000000061BEA1B3
audio-dsound D           dsound.cpp:466  _dsound_start_voice              [   0.18362] Starting voice
audio-dsound D           dsound.cpp:494  _dsound_start_voice              [   0.18363] CreateSoundBuffer
audio-dsound D           dsound.cpp:502  _dsound_start_voice              [   0.18613] CreateSoundBuffer succeeded
audio-dsound D           dsound.cpp:508  _dsound_start_voice              [   0.18614] Starting _dsound_update thread
audio-dsound I           dsound.cpp:518  _dsound_start_voice              [   0.18633] Voice started
dtor     D               dtor.c:196  _al_register_destructor          [   0.18638] added dtor for sample_instance 0000000000908730, func 0000000061BE32C3
audio    D          kcm_mixer.c:121  _al_rechannel_matrix             [   0.18639] sample matrix:
audio    D          kcm_mixer.c:127  _al_rechannel_matrix             [   0.18640] 
audio    D          kcm_mixer.c:127  _al_rechannel_matrix             [   0.18640] 
dtor     D               dtor.c:196  _al_register_destructor          [   0.18643] added dtor for sample_instance 0000000000908160, func 0000000061BE32C3
audio    D          kcm_mixer.c:121  _al_rechannel_matrix             [   0.18648] sample matrix:
audio    D          kcm_mixer.c:127  _al_rechannel_matrix             [   0.18648] 
audio    D          kcm_mixer.c:127  _al_rechannel_matrix             [   0.18649] 
dtor     D               dtor.c:196  _al_register_destructor          [   0.18649] added dtor for sample_instance 000000000081C000, func 0000000061BE32C3
audio    D          kcm_mixer.c:121  _al_rechannel_matrix             [   0.18650] sample matrix:
audio    D          kcm_mixer.c:127  _al_rechannel_matrix             [   0.18650] 
audio    D          kcm_mixer.c:127  _al_rechannel_matrix             [   0.18651] 
dtor     D               dtor.c:196  _al_register_destructor          [   0.18651] added dtor for sample_instance 000000000081C1F0, func 0000000061BE32C3
audio    D          kcm_mixer.c:121  _al_rechannel_matrix             [   0.18652] sample matrix:
audio    D          kcm_mixer.c:127  _al_rechannel_matrix             [   0.18652] 
audio    D          kcm_mixer.c:127  _al_rechannel_matrix             [   0.18652] 
dtor     D               dtor.c:196  _al_register_destructor          [   0.18653] added dtor for sample_instance 000000000081C4D0, func 0000000061BE32C3
audio    D          kcm_mixer.c:121  _al_rechannel_matrix             [   0.18653] sample matrix:
audio    D          kcm_mixer.c:127  _al_rechannel_matrix             [   0.18657] 
audio    D          kcm_mixer.c:127  _al_rechannel_matrix             [   0.18657] 
dtor     D               dtor.c:196  _al_register_destructor          [   0.18657] added dtor for sample_instance 000000000081C6E0, func 0000000061BE32C3
audio    D          kcm_mixer.c:121  _al_rechannel_matrix             [   0.18658] sample matrix:
audio    D          kcm_mixer.c:127  _al_rechannel_matrix             [   0.18658] 
audio    D          kcm_mixer.c:127  _al_rechannel_matrix             [   0.18659] 
dtor     D               dtor.c:196  _al_register_destructor          [   0.18659] added dtor for sample_instance 000000000081C8C0, func 0000000061BE32C3
audio    D          kcm_mixer.c:121  _al_rechannel_matrix             [   0.18659] sample matrix:
audio    D          kcm_mixer.c:127  _al_rechannel_matrix             [   0.18660] 
audio    D          kcm_mixer.c:127  _al_rechannel_matrix             [   0.18660] 
dtor     D               dtor.c:196  _al_register_destructor          [   0.18661] added dtor for sample_instance 000000000081CAF0, func 0000000061BE32C3
audio    D          kcm_mixer.c:121  _al_rechannel_matrix             [   0.18661] sample matrix:
audio    D          kcm_mixer.c:127  _al_rechannel_matrix             [   0.18661] 
audio    D          kcm_mixer.c:127  _al_rechannel_matrix             [   0.18662] 
dtor     D               dtor.c:196  _al_register_destructor          [   0.18662] added dtor for sample_instance 000000000081CE50, func 0000000061BE32C3
audio    D          kcm_mixer.c:121  _al_rechannel_matrix             [   0.18663] sample matrix:
audio    D          kcm_mixer.c:127  _al_rechannel_matrix             [   0.18663] 
audio    D          kcm_mixer.c:127  _al_rechannel_matrix             [   0.18663] 
dtor     D               dtor.c:196  _al_register_destructor          [   0.18664] added dtor for sample_instance 000000000090CA40, func 0000000061BE32C3
audio    D          kcm_mixer.c:121  _al_rechannel_matrix             [   0.18665] sample matrix:
audio    D          kcm_mixer.c:127  _al_rechannel_matrix             [   0.18665] 
audio    D          kcm_mixer.c:127  _al_rechannel_matrix             [   0.18665] 
system   D            wsystem.c:788  _al_win_safe_load_library        [   0.18687] PathFindOnPath found: C:\Windows\system32\d3d9.dll
system   D            wsystem.c:699  load_library_at_path             [   0.18688] Calling LoadLibrary C:\Windows\system32\d3d9.dll
system   I            wsystem.c:702  load_library_at_path             [   0.23854] Loaded C:\Windows\system32\d3d9.dll
d3d      I         d3d_disp.cpp:674  d3d_init_display                 [   0.88603] Render-to-texture: 1
d3d      I         d3d_disp.cpp:1768 d3d_create_display_locked        [   0.88741] faux_fullscreen=0
d3d      D         d3d_disp.cpp:1769 d3d_create_display_locked        [   0.88742] al_display=0000000000857F10
d3d      D         d3d_disp.cpp:1770 d3d_create_display_locked        [   0.88743] al_display->vt=0000000000857D70
d3d      I d3d_display_formats.cpp:144  _al_d3d_generate_display_format_list [   0.88899] found 64 format combinations
display  D   display_settings.c:212  debug_display_settings           [   0.88900] color: 32 (rgba 8880), depth: 0, stencil: 0, acc: 0000, samples: 0/0
display  D   display_settings.c:527  _al_score_display_settings       [   0.88900] Score is : 897
display  D   display_settings.c:212  debug_display_settings           [   0.88901] color: 32 (rgba 8880), depth: 0, stencil: 0, acc: 0000, samples: 0/0
display  D   display_settings.c:527  _al_score_display_settings       [   0.88901] Score is : 897
display  D   display_settings.c:212  debug_display_settings           [   0.88902] color: 32 (rgba 8880), depth: 24, stencil: 8, acc: 0000, samples: 0/0
display  D   display_settings.c:527  _al_score_display_settings       [   0.88902] Score is : 897
display  D   display_settings.c:212  debug_display_settings           [   0.88902] color: 32 (rgba 8880), depth: 24, stencil: 8, acc: 0000, samples: 0/0
display  D   display_settings.c:527  _al_score_display_settings       [   0.88903] Score is : 897
display  D   display_settings.c:212  debug_display_settings           [   0.88903] color: 32 (rgba 8880), depth: 24, stencil: 0, acc: 0000, samples: 0/0
display  D   display_settings.c:527  _al_score_display_settings       [   0.88904] Score is : 897
display  D   display_settings.c:212  debug_display_settings           [   0.88904] color: 32 (rgba 8880), depth: 24, stencil: 0, acc: 0000, samples: 0/0
display  D   display_settings.c:527  _al_score_display_settings       [   0.88905] Score is : 897
display  D   display_settings.c:212  debug_display_settings           [   0.88905] color: 32 (rgba 8880), depth: 16, stencil: 0, acc: 0000, samples: 0/0
display  D   display_settings.c:527  _al_score_display_settings       [   0.88905] Score is : 897
display  D   display_settings.c:212  debug_display_settings           [   0.88906] color: 32 (rgba 8880), depth: 16, stencil: 0, acc: 0000, samples: 0/0
display  D   display_settings.c:527  _al_score_display_settings       [   0.88906] Score is : 897
display  D   display_settings.c:212  debug_display_settings           [   0.88906] color: 16 (rgba 5650), depth: 0, stencil: 0, acc: 0000, samples: 0/0
display  D   display_settings.c:527  _al_score_display_settings       [   0.88907] Score is : 897
display  D   display_settings.c:212  debug_display_settings           [   0.88907] color: 16 (rgba 5650), depth: 0, stencil: 0, acc: 0000, samples: 0/0
display  D   display_settings.c:527  _al_score_display_settings       [   0.88907] Score is : 897
display  D   display_settings.c:212  debug_display_settings           [   0.88908] color: 16 (rgba 5650), depth: 24, stencil: 8, acc: 0000, samples: 0/0
display  D   display_settings.c:527  _al_score_display_settings       [   0.88908] Score is : 897
display  D   display_settings.c:212  debug_display_settings           [   0.88909] color: 16 (rgba 5650), depth: 24, stencil: 8, acc: 0000, samples: 0/0
display  D   display_settings.c:527  _al_score_display_settings       [   0.88909] Score is : 897
display  D   display_settings.c:212  debug_display_settings           [   0.88909] color: 16 (rgba 5650), depth: 24, stencil: 0, acc: 0000, samples: 0/0
display  D   display_settings.c:527  _al_score_display_settings       [   0.88910] Score is : 897
display  D   display_settings.c:212  debug_display_settings           [   0.88910] color: 16 (rgba 5650), depth: 24, stencil: 0, acc: 0000, samples: 0/0
display  D   display_settings.c:527  _al_score_display_settings       [   0.88910] Score is : 897
display  D   display_settings.c:212  debug_display_settings           [   0.88911] color: 16 (rgba 5650), depth: 16, stencil: 0, acc: 0000, samples: 0/0
display  D   display_settings.c:527  _al_score_display_settings       [   0.88911] Score is : 897
display  D   display_settings.c:212  debug_display_settings           [   0.88912] color: 16 (rgba 5650), depth: 16, stencil: 0, acc: 0000, samples: 0/0
display  D   display_settings.c:527  _al_score_display_settings       [   0.88912] Score is : 897
display  D   display_settings.c:212  debug_display_settings           [   0.88912] color: 32 (rgba 8880), depth: 0, stencil: 0, acc: 0000, samples: 0/0
display  D   display_settings.c:398  _al_score_display_settings       [   0.88913] Single Buffer requirement not met.
display  D   display_settings.c:212  debug_display_settings           [   0.88913] color: 32 (rgba 8880), depth: 0, stencil: 0, acc: 0000, samples: 0/0
display  D   display_settings.c:398  _al_score_display_settings       [   0.88913] Single Buffer requirement not met.
display  D   display_settings.c:212  debug_display_settings           [   0.88914] color: 32 (rgba 8880), depth: 24, stencil: 8, acc: 0000, samples: 0/0
display  D   display_settings.c:398  _al_score_display_settings       [   0.88914] Single Buffer requirement not met.
display  D   display_settings.c:212  debug_display_settings           [   0.88914] color: 32 (rgba 8880), depth: 24, stencil: 8, acc: 0000, samples: 0/0
display  D   display_settings.c:398  _al_score_display_settings       [   0.88915] Single Buffer requirement not met.
display  D   display_settings.c:212  debug_display_settings           [   0.88915] color: 32 (rgba 8880), depth: 24, stencil: 0, acc: 0000, samples: 0/0
display  D   display_settings.c:398  _al_score_display_settings       [   0.88916] Single Buffer requirement not met.
display  D   display_settings.c:212  debug_display_settings           [   0.88916] color: 32 (rgba 8880), depth: 24, stencil: 0, acc: 0000, samples: 0/0
display  D   display_settings.c:398  _al_score_display_settings       [   0.88917] Single Buffer requirement not met.
display  D   display_settings.c:212  debug_display_settings           [   0.88917] color: 32 (rgba 8880), depth: 16, stencil: 0, acc: 0000, samples: 0/0
display  D   display_settings.c:398  _al_score_display_settings       [   0.88917] Single Buffer requirement not met.
display  D   display_settings.c:212  debug_display_settings           [   0.88918] color: 32 (rgba 8880), depth: 16, stencil: 0, acc: 0000, samples: 0/0
display  D   display_settings.c:398  _al_score_display_settings       [   0.88918] Single Buffer requirement not met.
display  D   display_settings.c:212  debug_display_settings           [   0.88918] color: 16 (rgba 5650), depth: 0, stencil: 0, acc: 0000, samples: 0/0
display  D   display_settings.c:398  _al_score_display_settings       [   0.88919] Single Buffer requirement not met.
display  D   display_settings.c:212  debug_display_settings           [   0.88919] color: 16 (rgba 5650), depth: 0, stencil: 0, acc: 0000, samples: 0/0
display  D   display_settings.c:398  _al_score_display_settings       [   0.88919] Single Buffer requirement not met.
display  D   display_settings.c:212  debug_display_settings           [   0.88920] color: 16 (rgba 5650), depth: 24, stencil: 8, acc: 0000, samples: 0/0
display  D   display_settings.c:398  _al_score_display_settings       [   0.88920] Single Buffer requirement not met.
display  D   display_settings.c:212  debug_display_settings           [   0.88921] color: 16 (rgba 5650), depth: 24, stencil: 8, acc: 0000, samples: 0/0
display  D   display_settings.c:398  _al_score_display_settings       [   0.88921] Single Buffer requirement not met.
display  D   display_settings.c:212  debug_display_settings           [   0.88921] color: 16 (rgba 5650), depth: 24, stencil: 0, acc: 0000, samples: 0/0
display  D   display_settings.c:398  _al_score_display_settings       [   0.88922] Single Buffer requirement not met.
display  D   display_settings.c:212  debug_display_settings           [   0.88922] color: 16 (rgba 5650), depth: 24, stencil: 0, acc: 0000, samples: 0/0
display  D   display_settings.c:398  _al_score_display_settings       [   0.88922] Single Buffer requirement not met.
display  D   display_settings.c:212  debug_display_settings           [   0.88923] color: 16 (rgba 5650), depth: 16, stencil: 0, acc: 0000, samples: 0/0
display  D   display_settings.c:398  _al_score_display_settings       [   0.88923] Single Buffer requirement not met.
display  D   display_settings.c:212  debug_display_settings           [   0.88924] color: 16 (rgba 5650), depth: 16, stencil: 0, acc: 0000, samples: 0/0
display  D   display_settings.c:398  _al_score_display_settings       [   0.88924] Single Buffer requirement not met.
display  D   display_settings.c:212  debug_display_settings           [   0.88924] color: 32 (rgba 8880), depth: 0, stencil: 0, acc: 0000, samples: 0/0
display  D   display_settings.c:527  _al_score_display_settings       [   0.88925] Score is : 769
display  D   display_settings.c:212  debug_display_settings           [   0.88925] color: 32 (rgba 8880), depth: 0, stencil: 0, acc: 0000, samples: 0/0
display  D   display_settings.c:527  _al_score_display_settings       [   0.88925] Score is : 769
display  D   display_settings.c:212  debug_display_settings           [   0.88926] color: 32 (rgba 8880), depth: 24, stencil: 8, acc: 0000, samples: 0/0
display  D   display_settings.c:527  _al_score_display_settings       [   0.88929] Score is : 769
display  D   display_settings.c:212  debug_display_settings           [   0.88929] color: 32 (rgba 8880), depth: 24, stencil: 8, acc: 0000, samples: 0/0
display  D   display_settings.c:527  _al_score_display_settings       [   0.88930] Score is : 769
display  D   display_settings.c:212  debug_display_settings           [   0.88930] color: 32 (rgba 8880), depth: 24, stencil: 0, acc: 0000, samples: 0/0
display  D   display_settings.c:527  _al_score_display_settings       [   0.88930] Score is : 769
display  D   display_settings.c:212  debug_display_settings           [   0.88931] color: 32 (rgba 8880), depth: 24, stencil: 0, acc: 0000, samples: 0/0
display  D   display_settings.c:527  _al_score_display_settings       [   0.88931] Score is : 769
display  D   display_settings.c:212  debug_display_settings           [   0.88931] color: 32 (rgba 8880), depth: 16, stencil: 0, acc: 0000, samples: 0/0
display  D   display_settings.c:527  _al_score_display_settings       [   0.88932] Score is : 769
display  D   display_settings.c:212  debug_display_settings           [   0.88932] color: 32 (rgba 8880), depth: 16, stencil: 0, acc: 0000, samples: 0/0
display  D   display_settings.c:527  _al_score_display_settings       [   0.88933] Score is : 769
display  D   display_settings.c:212  debug_display_settings           [   0.88933] color: 16 (rgba 5650), depth: 0, stencil: 0, acc: 0000, samples: 0/0
display  D   display_settings.c:527  _al_score_display_settings       [   0.88933] Score is : 769
display  D   display_settings.c:212  debug_display_settings           [   0.88934] color: 16 (rgba 5650), depth: 0, stencil: 0, acc: 0000, samples: 0/0
display  D   display_settings.c:527  _al_score_display_settings       [   0.88934] Score is : 769
display  D   display_settings.c:212  debug_display_settings           [   0.88934] color: 16 (rgba 5650), depth: 24, stencil: 8, acc: 0000, samples: 0/0
display  D   display_settings.c:527  _al_score_display_settings       [   0.88938] Score is : 769
display  D   display_settings.c:212  debug_display_settings           [   0.88938] color: 16 (rgba 5650), depth: 24, stencil: 8, acc: 0000, samples: 0/0
display  D   display_settings.c:527  _al_score_display_settings       [   0.88939] Score is : 769
display  D   display_settings.c:212  debug_display_settings           [   0.88939] color: 16 (rgba 5650), depth: 24, stencil: 0, acc: 0000, samples: 0/0
display  D   display_settings.c:527  _al_score_display_settings       [   0.88939] Score is : 769
display  D   display_settings.c:212  debug_display_settings           [   0.88940] color: 16 (rgba 5650), depth: 24, stencil: 0, acc: 0000, samples: 0/0
display  D   display_settings.c:527  _al_score_display_settings       [   0.88940] Score is : 769
display  D   display_settings.c:212  debug_display_settings           [   0.88941] color: 16 (rgba 5650), depth: 16, stencil: 0, acc: 0000, samples: 0/0
display  D   display_settings.c:527  _al_score_display_settings       [   0.88941] Score is : 769
display  D   display_settings.c:212  debug_display_settings           [   0.88941] color: 16 (rgba 5650), depth: 16, stencil: 0, acc: 0000, samples: 0/0
display  D   display_settings.c:527  _al_score_display_settings       [   0.88944] Score is : 769
display  D   display_settings.c:212  debug_display_settings           [   0.88944] color: 32 (rgba 8880), depth: 0, stencil: 0, acc: 0000, samples: 0/0
display  D   display_settings.c:398  _al_score_display_settings       [   0.88944] Single Buffer requirement not met.
display  D   display_settings.c:212  debug_display_settings           [   0.88945] color: 32 (rgba 8880), depth: 0, stencil: 0, acc: 0000, samples: 0/0
display  D   display_settings.c:398  _al_score_display_settings       [   0.88945] Single Buffer requirement not met.
display  D   display_settings.c:212  debug_display_settings           [   0.88945] color: 32 (rgba 8880), depth: 24, stencil: 8, acc: 0000, samples: 0/0
display  D   display_settings.c:398  _al_score_display_settings       [   0.88946] Single Buffer requirement not met.
display  D   display_settings.c:212  debug_display_settings           [   0.88946] color: 32 (rgba 8880), depth: 24, stencil: 8, acc: 0000, samples: 0/0
display  D   display_settings.c:398  _al_score_display_settings       [   0.88947] Single Buffer requirement not met.
display  D   display_settings.c:212  debug_display_settings           [   0.88947] color: 32 (rgba 8880), depth: 24, stencil: 0, acc: 0000, samples: 0/0
display  D   display_settings.c:398  _al_score_display_settings       [   0.88947] Single Buffer requirement not met.
display  D   display_settings.c:212  debug_display_settings           [   0.88948] color: 32 (rgba 8880), depth: 24, stencil: 0, acc: 0000, samples: 0/0
display  D   display_settings.c:398  _al_score_display_settings       [   0.88948] Single Buffer requirement not met.
display  D   display_settings.c:212  debug_display_settings           [   0.88949] color: 32 (rgba 8880), depth: 16, stencil: 0, acc: 0000, samples: 0/0
display  D   display_settings.c:398  _al_score_display_settings       [   0.88949] Single Buffer requirement not met.
display  D   display_settings.c:212  debug_display_settings           [   0.88949] color: 32 (rgba 8880), depth: 16, stencil: 0, acc: 0000, samples: 0/0
display  D   display_settings.c:398  _al_score_display_settings       [   0.88950] Single Buffer requirement not met.
display  D   display_settings.c:212  debug_display_settings           [   0.88950] color: 16 (rgba 5650), depth: 0, stencil: 0, acc: 0000, samples: 0/0
display  D   display_settings.c:398  _al_score_display_settings       [   0.88950] Single Buffer requirement not met.
display  D   display_settings.c:212  debug_display_settings           [   0.88951] color: 16 (rgba 5650), depth: 0, stencil: 0, acc: 0000, samples: 0/0
display  D   display_settings.c:398  _al_score_display_settings       [   0.88951] Single Buffer requirement not met.
display  D   display_settings.c:212  debug_display_settings           [   0.88952] color: 16 (rgba 5650), depth: 24, stencil: 8, acc: 0000, samples: 0/0
display  D   display_settings.c:398  _al_score_display_settings       [   0.88952] Single Buffer requirement not met.
display  D   display_settings.c:212  debug_display_settings           [   0.88952] color: 16 (rgba 5650), depth: 24, stencil: 8, acc: 0000, samples: 0/0
display  D   display_settings.c:398  _al_score_display_settings       [   0.88953] Single Buffer requirement not met.
display  D   display_settings.c:212  debug_display_settings           [   0.88953] color: 16 (rgba 5650), depth: 24, stencil: 0, acc: 0000, samples: 0/0
display  D   display_settings.c:398  _al_score_display_settings       [   0.88953] Single Buffer requirement not met.
display  D   display_settings.c:212  debug_display_settings           [   0.88954] color: 16 (rgba 5650), depth: 24, stencil: 0, acc: 0000, samples: 0/0
display  D   display_settings.c:398  _al_score_display_settings       [   0.88954] Single Buffer requirement not met.
display  D   display_settings.c:212  debug_display_settings           [   0.88954] color: 16 (rgba 5650), depth: 16, stencil: 0, acc: 0000, samples: 0/0
display  D   display_settings.c:398  _al_score_display_settings       [   0.88955] Single Buffer requirement not met.
display  D   display_settings.c:212  debug_display_settings           [   0.88955] color: 16 (rgba 5650), depth: 16, stencil: 0, acc: 0000, samples: 0/0
display  D   display_settings.c:398  _al_score_display_settings       [   0.88956] Single Buffer requirement not met.
d3d      D         d3d_disp.cpp:1668 d3d_create_display_internals     [   0.88957] Trying format 0.
d3d      I         d3d_disp.cpp:1344 d3d_display_thread_proc          [   0.88991] Chose a display format: 23
d3d      I         d3d_disp.cpp:1413 d3d_display_thread_proc          [   0.88992] Normal window.
d3d      I         d3d_disp.cpp:781  d3d_create_device                [   1.85205] Using no depth stencil buffer
d3d      D         d3d_disp.cpp:839  d3d_create_device                [   1.95888] BeginScene succeeded in create_device
d3d      D         d3d_disp.cpp:847  d3d_create_device                [   1.95890] Success
d3d      D         d3d_disp.cpp:1691 d3d_create_display_internals     [   1.95894] Resumed after wait.
d3d      I         d3d_disp.cpp:1724 d3d_create_display_internals     [   1.95896] Format 0 succeeded.
d3d      D         d3d_disp.cpp:1755 d3d_create_display_internals     [   1.95898] Returning d3d_display: 0000000000857F10
d3d      D         d3d_disp.cpp:1780 d3d_create_display_locked        [   1.95898] al_display=0000000000857F10
d3d      D         d3d_disp.cpp:1781 d3d_create_display_locked        [   1.95899] al_display->vt=0000000000857D70
system   D            wsystem.c:788  _al_win_safe_load_library        [   1.95925] PathFindOnPath found: C:\Windows\system32\d3dx9_43.dll
system   D            wsystem.c:699  load_library_at_path             [   1.95925] Calling LoadLibrary C:\Windows\system32\d3dx9_43.dll
system   I            wsystem.c:702  load_library_at_path             [   2.00017] Loaded C:\Windows\system32\d3dx9_43.dll
d3dx9    I        d3d_d3dx9.cpp:88   _imp_load_d3dx9_module_version   [   2.00020] Module "d3dx9_43.dll" loaded.
dtor     D               dtor.c:196  _al_register_destructor          [   2.00222] added dtor for timer 0000000004A17DB0, func 0000000061AFE7A1
dtor     D               dtor.c:196  _al_register_destructor          [   2.00224] added dtor for queue 0000000004A17280, func 0000000061AEBC0B
stdio    D         file_stdio.c:110  file_stdio_fopen                 [   2.00644] opening .\img\pirulen.ttf rb
font     D                ttf.c:937  al_load_ttf_font_stretch_f       [   2.00677] Font .\img\pirulen.ttf loaded with pixel size 0 x 32.
font     D                ttf.c:939  al_load_ttf_font_stretch_f       [   2.00681]     ascent=31.0, descent=-8.0, height=38.0
dtor     D               dtor.c:196  _al_register_destructor          [   2.00681] added dtor for ttf_font 0000000004A1F9C0, func 0000000061BDEF64
stdio    D         file_stdio.c:110  file_stdio_fopen                 [   2.00748] opening .\img\pirulen.ttf rb
font     D                ttf.c:937  al_load_ttf_font_stretch_f       [   2.00772] Font .\img\pirulen.ttf loaded with pixel size 0 x 24.
font     D                ttf.c:939  al_load_ttf_font_stretch_f       [   2.00773]     ascent=24.0, descent=-6.0, height=29.0
dtor     D               dtor.c:196  _al_register_destructor          [   2.00774] added dtor for ttf_font 0000000004A26300, func 0000000061BDEF64
stdio    D         file_stdio.c:110  file_stdio_fopen                 [   2.00875] opening .\img\pirulen.ttf rb
stdio    D         file_stdio.c:110  file_stdio_fopen                 [   2.00896] opening .\img\main-bg.jpg rb
font     D                ttf.c:937  al_load_ttf_font_stretch_f       [   2.00906] Font .\img\pirulen.ttf loaded with pixel size 0 x 32.
font     D                ttf.c:939  al_load_ttf_font_stretch_f       [   2.00907]     ascent=31.0, descent=-8.0, height=38.0
dtor     D               dtor.c:196  _al_register_destructor          [   2.00908] added dtor for ttf_font 0000000004A2D830, func 0000000061BDEF64
stdio    D         file_stdio.c:110  file_stdio_fopen                 [   2.01009] opening .\img\pirulen.ttf rb
font     D                ttf.c:937  al_load_ttf_font_stretch_f       [   2.01034] Font .\img\pirulen.ttf loaded with pixel size 0 x 24.
font     D                ttf.c:939  al_load_ttf_font_stretch_f       [   2.01035]     ascent=24.0, descent=-6.0, height=29.0
dtor     D               dtor.c:196  _al_register_destructor          [   2.01036] added dtor for ttf_font 0000000004B14E70, func 0000000061BDEF64
dtor     D               dtor.c:196  _al_register_destructor          [   2.01362] added dtor for bitmap 0000000004B16B50, func 0000000061AC1BC7
dtor     D               dtor.c:196  _al_register_destructor          [   2.02084] added dtor for bitmap 0000000004B153F0, func 0000000061AC1BC7
dtor     D               dtor.c:227  _al_unregister_destructor        [   2.03660] removed dtor for bitmap 0000000004B16B50
