stdio    D         file_stdio.c:110  file_stdio_fopen                 [   0.00000] opening C:\Users\Tsao Han Wen\Desktop\GITHUB\hello_git\final\allegroRedemo\bin\Debug\allegro5.cfg r
system   D            wsystem.c:788  _al_win_safe_load_library        [   0.00000] PathFindOnPath found: C:\Windows\system32\shcore.dll
system   D            wsystem.c:699  load_library_at_path             [   0.00000] Calling LoadLibrary C:\Windows\system32\shcore.dll
system   I            wsystem.c:702  load_library_at_path             [   0.00000] Loaded C:\Windows\system32\shcore.dll
system   I             system.c:264  al_install_system                [   0.00000] Allegro version: 5.2.4
audio-dsound I           dsound.cpp:271  _dsound_open                     [   0.00014] Starting DirectSound...
audio-dsound D           dsound.cpp:280  _dsound_open                     [   0.03263] DirectSoundCreate8 succeeded
audio-dsound I           dsound.cpp:73   get_window                       [   0.03264] Using desktop window: 0000000000010010
audio    I              audio.c:347  do_install_audio                 [   0.03269] Using DirectSound driver
audio-dsound D           dsound.cpp:311  _dsound_allocate_voice           [   0.03272] Allocating voice
audio-dsound D           dsound.cpp:370  _dsound_allocate_voice           [   0.03273] Allocated voice
dtor     D               dtor.c:196  _al_register_destructor          [   0.03273] added dtor for voice 00000000000C9AF0, func 0000000061BEEBB3
dtor     D               dtor.c:196  _al_register_destructor          [   0.03274] added dtor for mixer 00000000000CA290, func 0000000061BEA1B3
audio-dsound D           dsound.cpp:466  _dsound_start_voice              [   0.03274] Starting voice
audio-dsound D           dsound.cpp:494  _dsound_start_voice              [   0.03275] CreateSoundBuffer
audio-dsound D           dsound.cpp:502  _dsound_start_voice              [   0.03379] CreateSoundBuffer succeeded
audio-dsound D           dsound.cpp:508  _dsound_start_voice              [   0.03380] Starting _dsound_update thread
audio-dsound I           dsound.cpp:518  _dsound_start_voice              [   0.03383] Voice started
dtor     D               dtor.c:196  _al_register_destructor          [   0.03384] added dtor for sample_instance 00000000000CAFC0, func 0000000061BE32C3
audio    D          kcm_mixer.c:121  _al_rechannel_matrix             [   0.03385] sample matrix:
audio    D          kcm_mixer.c:127  _al_rechannel_matrix             [   0.03385] 
audio    D          kcm_mixer.c:127  _al_rechannel_matrix             [   0.03386] 
dtor     D               dtor.c:196  _al_register_destructor          [   0.03386] added dtor for sample_instance 00000000000CB0E0, func 0000000061BE32C3
audio    D          kcm_mixer.c:121  _al_rechannel_matrix             [   0.03387] sample matrix:
audio    D          kcm_mixer.c:127  _al_rechannel_matrix             [   0.03387] 
audio    D          kcm_mixer.c:127  _al_rechannel_matrix             [   0.03387] 
dtor     D               dtor.c:196  _al_register_destructor          [   0.03388] added dtor for sample_instance 00000000000CB250, func 0000000061BE32C3
audio    D          kcm_mixer.c:121  _al_rechannel_matrix             [   0.03388] sample matrix:
audio    D          kcm_mixer.c:127  _al_rechannel_matrix             [   0.03389] 
audio    D          kcm_mixer.c:127  _al_rechannel_matrix             [   0.03389] 
dtor     D               dtor.c:196  _al_register_destructor          [   0.03389] added dtor for sample_instance 00000000000CBA60, func 0000000061BE32C3
audio    D          kcm_mixer.c:121  _al_rechannel_matrix             [   0.03390] sample matrix:
audio    D          kcm_mixer.c:127  _al_rechannel_matrix             [   0.03390] 
audio    D          kcm_mixer.c:127  _al_rechannel_matrix             [   0.03390] 
dtor     D               dtor.c:196  _al_register_destructor          [   0.03391] added dtor for sample_instance 00000000000CA560, func 0000000061BE32C3
audio    D          kcm_mixer.c:121  _al_rechannel_matrix             [   0.03397] sample matrix:
audio    D          kcm_mixer.c:127  _al_rechannel_matrix             [   0.03400] 
audio    D          kcm_mixer.c:127  _al_rechannel_matrix             [   0.03401] 
dtor     D               dtor.c:196  _al_register_destructor          [   0.03401] added dtor for sample_instance 00000000000CA680, func 0000000061BE32C3
audio    D          kcm_mixer.c:121  _al_rechannel_matrix             [   0.03402] sample matrix:
audio    D          kcm_mixer.c:127  _al_rechannel_matrix             [   0.03402] 
audio    D          kcm_mixer.c:127  _al_rechannel_matrix             [   0.03402] 
dtor     D               dtor.c:196  _al_register_destructor          [   0.03403] added dtor for sample_instance 000000000271FFD0, func 0000000061BE32C3
audio    D          kcm_mixer.c:121  _al_rechannel_matrix             [   0.03403] sample matrix:
audio    D          kcm_mixer.c:127  _al_rechannel_matrix             [   0.03403] 
audio    D          kcm_mixer.c:127  _al_rechannel_matrix             [   0.03404] 
dtor     D               dtor.c:196  _al_register_destructor          [   0.03404] added dtor for sample_instance 00000000027200F0, func 0000000061BE32C3
audio    D          kcm_mixer.c:121  _al_rechannel_matrix             [   0.03405] sample matrix:
audio    D          kcm_mixer.c:127  _al_rechannel_matrix             [   0.03405] 
audio    D          kcm_mixer.c:127  _al_rechannel_matrix             [   0.03405] 
dtor     D               dtor.c:196  _al_register_destructor          [   0.03406] added dtor for sample_instance 0000000002720320, func 0000000061BE32C3
audio    D          kcm_mixer.c:121  _al_rechannel_matrix             [   0.03406] sample matrix:
audio    D          kcm_mixer.c:127  _al_rechannel_matrix             [   0.03406] 
audio    D          kcm_mixer.c:127  _al_rechannel_matrix             [   0.03407] 
dtor     D               dtor.c:196  _al_register_destructor          [   0.03407] added dtor for sample_instance 0000000002720440, func 0000000061BE32C3
audio    D          kcm_mixer.c:121  _al_rechannel_matrix             [   0.03407] sample matrix:
audio    D          kcm_mixer.c:127  _al_rechannel_matrix             [   0.03408] 
audio    D          kcm_mixer.c:127  _al_rechannel_matrix             [   0.03408] 
system   D            wsystem.c:788  _al_win_safe_load_library        [   0.03419] PathFindOnPath found: C:\Windows\system32\d3d9.dll
system   D            wsystem.c:699  load_library_at_path             [   0.03419] Calling LoadLibrary C:\Windows\system32\d3d9.dll
system   I            wsystem.c:702  load_library_at_path             [   0.03506] Loaded C:\Windows\system32\d3d9.dll
d3d      I         d3d_disp.cpp:674  d3d_init_display                 [   0.06291] Render-to-texture: 1
d3d      I         d3d_disp.cpp:1768 d3d_create_display_locked        [   0.06369] faux_fullscreen=0
d3d      D         d3d_disp.cpp:1769 d3d_create_display_locked        [   0.06370] al_display=00000000000CBE60
d3d      D         d3d_disp.cpp:1770 d3d_create_display_locked        [   0.06370] al_display->vt=0000000002721C60
d3d      I d3d_display_formats.cpp:144  _al_d3d_generate_display_format_list [   0.06529] found 160 format combinations
display  D   display_settings.c:212  debug_display_settings           [   0.06530] color: 32 (rgba 8880), depth: 0, stencil: 0, acc: 0000, samples: 0/0
display  D   display_settings.c:527  _al_score_display_settings       [   0.06531] Score is : 897
display  D   display_settings.c:212  debug_display_settings           [   0.06531] color: 32 (rgba 8880), depth: 0, stencil: 0, acc: 0000, samples: 0/0
display  D   display_settings.c:527  _al_score_display_settings       [   0.06532] Score is : 897
display  D   display_settings.c:212  debug_display_settings           [   0.06532] color: 32 (rgba 8880), depth: 0, stencil: 0, acc: 0000, samples: 2/1
display  D   display_settings.c:527  _al_score_display_settings       [   0.06533] Score is : 726
display  D   display_settings.c:212  debug_display_settings           [   0.06533] color: 32 (rgba 8880), depth: 0, stencil: 0, acc: 0000, samples: 3/1
display  D   display_settings.c:527  _al_score_display_settings       [   0.06535] Score is : 721
display  D   display_settings.c:212  debug_display_settings           [   0.06535] color: 32 (rgba 8880), depth: 0, stencil: 0, acc: 0000, samples: 4/1
display  D   display_settings.c:527  _al_score_display_settings       [   0.06535] Score is : 717
display  D   display_settings.c:212  debug_display_settings           [   0.06536] color: 32 (rgba 8880), depth: 24, stencil: 8, acc: 0000, samples: 0/0
display  D   display_settings.c:527  _al_score_display_settings       [   0.06536] Score is : 897
display  D   display_settings.c:212  debug_display_settings           [   0.06537] color: 32 (rgba 8880), depth: 24, stencil: 8, acc: 0000, samples: 0/0
display  D   display_settings.c:527  _al_score_display_settings       [   0.06537] Score is : 897
display  D   display_settings.c:212  debug_display_settings           [   0.06537] color: 32 (rgba 8880), depth: 24, stencil: 8, acc: 0000, samples: 2/1
display  D   display_settings.c:527  _al_score_display_settings       [   0.06538] Score is : 726
display  D   display_settings.c:212  debug_display_settings           [   0.06538] color: 32 (rgba 8880), depth: 24, stencil: 8, acc: 0000, samples: 3/1
display  D   display_settings.c:527  _al_score_display_settings       [   0.06538] Score is : 721
display  D   display_settings.c:212  debug_display_settings           [   0.06539] color: 32 (rgba 8880), depth: 24, stencil: 8, acc: 0000, samples: 4/1
display  D   display_settings.c:527  _al_score_display_settings       [   0.06539] Score is : 717
display  D   display_settings.c:212  debug_display_settings           [   0.06539] color: 32 (rgba 8880), depth: 24, stencil: 0, acc: 0000, samples: 0/0
display  D   display_settings.c:527  _al_score_display_settings       [   0.06540] Score is : 897
display  D   display_settings.c:212  debug_display_settings           [   0.06540] color: 32 (rgba 8880), depth: 24, stencil: 0, acc: 0000, samples: 0/0
display  D   display_settings.c:527  _al_score_display_settings       [   0.06541] Score is : 897
display  D   display_settings.c:212  debug_display_settings           [   0.06541] color: 32 (rgba 8880), depth: 24, stencil: 0, acc: 0000, samples: 2/1
display  D   display_settings.c:527  _al_score_display_settings       [   0.06541] Score is : 726
display  D   display_settings.c:212  debug_display_settings           [   0.06542] color: 32 (rgba 8880), depth: 24, stencil: 0, acc: 0000, samples: 3/1
display  D   display_settings.c:527  _al_score_display_settings       [   0.06542] Score is : 721
display  D   display_settings.c:212  debug_display_settings           [   0.06542] color: 32 (rgba 8880), depth: 24, stencil: 0, acc: 0000, samples: 4/1
display  D   display_settings.c:527  _al_score_display_settings       [   0.06543] Score is : 717
display  D   display_settings.c:212  debug_display_settings           [   0.06543] color: 32 (rgba 8880), depth: 16, stencil: 0, acc: 0000, samples: 0/0
display  D   display_settings.c:527  _al_score_display_settings       [   0.06544] Score is : 897
display  D   display_settings.c:212  debug_display_settings           [   0.06544] color: 32 (rgba 8880), depth: 16, stencil: 0, acc: 0000, samples: 0/0
display  D   display_settings.c:527  _al_score_display_settings       [   0.06544] Score is : 897
display  D   display_settings.c:212  debug_display_settings           [   0.06545] color: 32 (rgba 8880), depth: 16, stencil: 0, acc: 0000, samples: 2/1
display  D   display_settings.c:527  _al_score_display_settings       [   0.06545] Score is : 726
display  D   display_settings.c:212  debug_display_settings           [   0.06545] color: 32 (rgba 8880), depth: 16, stencil: 0, acc: 0000, samples: 3/1
display  D   display_settings.c:527  _al_score_display_settings       [   0.06546] Score is : 721
display  D   display_settings.c:212  debug_display_settings           [   0.06546] color: 32 (rgba 8880), depth: 16, stencil: 0, acc: 0000, samples: 4/1
display  D   display_settings.c:527  _al_score_display_settings       [   0.06547] Score is : 717
display  D   display_settings.c:212  debug_display_settings           [   0.06547] color: 16 (rgba 5650), depth: 0, stencil: 0, acc: 0000, samples: 0/0
display  D   display_settings.c:527  _al_score_display_settings       [   0.06547] Score is : 897
display  D   display_settings.c:212  debug_display_settings           [   0.06548] color: 16 (rgba 5650), depth: 0, stencil: 0, acc: 0000, samples: 0/0
display  D   display_settings.c:527  _al_score_display_settings       [   0.06548] Score is : 897
display  D   display_settings.c:212  debug_display_settings           [   0.06548] color: 16 (rgba 5650), depth: 0, stencil: 0, acc: 0000, samples: 2/1
display  D   display_settings.c:527  _al_score_display_settings       [   0.06549] Score is : 726
display  D   display_settings.c:212  debug_display_settings           [   0.06549] color: 16 (rgba 5650), depth: 0, stencil: 0, acc: 0000, samples: 3/1
display  D   display_settings.c:527  _al_score_display_settings       [   0.06550] Score is : 721
display  D   display_settings.c:212  debug_display_settings           [   0.06550] color: 16 (rgba 5650), depth: 0, stencil: 0, acc: 0000, samples: 4/1
display  D   display_settings.c:527  _al_score_display_settings       [   0.06550] Score is : 717
display  D   display_settings.c:212  debug_display_settings           [   0.06551] color: 16 (rgba 5650), depth: 24, stencil: 8, acc: 0000, samples: 0/0
display  D   display_settings.c:527  _al_score_display_settings       [   0.06551] Score is : 897
display  D   display_settings.c:212  debug_display_settings           [   0.06551] color: 16 (rgba 5650), depth: 24, stencil: 8, acc: 0000, samples: 0/0
display  D   display_settings.c:527  _al_score_display_settings       [   0.06552] Score is : 897
display  D   display_settings.c:212  debug_display_settings           [   0.06552] color: 16 (rgba 5650), depth: 24, stencil: 8, acc: 0000, samples: 2/1
display  D   display_settings.c:527  _al_score_display_settings       [   0.06553] Score is : 726
display  D   display_settings.c:212  debug_display_settings           [   0.06553] color: 16 (rgba 5650), depth: 24, stencil: 8, acc: 0000, samples: 3/1
display  D   display_settings.c:527  _al_score_display_settings       [   0.06553] Score is : 721
display  D   display_settings.c:212  debug_display_settings           [   0.06554] color: 16 (rgba 5650), depth: 24, stencil: 8, acc: 0000, samples: 4/1
display  D   display_settings.c:527  _al_score_display_settings       [   0.06554] Score is : 717
display  D   display_settings.c:212  debug_display_settings           [   0.06554] color: 16 (rgba 5650), depth: 24, stencil: 0, acc: 0000, samples: 0/0
display  D   display_settings.c:527  _al_score_display_settings       [   0.06555] Score is : 897
display  D   display_settings.c:212  debug_display_settings           [   0.06555] color: 16 (rgba 5650), depth: 24, stencil: 0, acc: 0000, samples: 0/0
display  D   display_settings.c:527  _al_score_display_settings       [   0.06557] Score is : 897
display  D   display_settings.c:212  debug_display_settings           [   0.06558] color: 16 (rgba 5650), depth: 24, stencil: 0, acc: 0000, samples: 2/1
display  D   display_settings.c:527  _al_score_display_settings       [   0.06558] Score is : 726
display  D   display_settings.c:212  debug_display_settings           [   0.06558] color: 16 (rgba 5650), depth: 24, stencil: 0, acc: 0000, samples: 3/1
display  D   display_settings.c:527  _al_score_display_settings       [   0.06559] Score is : 721
display  D   display_settings.c:212  debug_display_settings           [   0.06562] color: 16 (rgba 5650), depth: 24, stencil: 0, acc: 0000, samples: 4/1
display  D   display_settings.c:527  _al_score_display_settings       [   0.06562] Score is : 717
display  D   display_settings.c:212  debug_display_settings           [   0.06562] color: 16 (rgba 5650), depth: 16, stencil: 0, acc: 0000, samples: 0/0
display  D   display_settings.c:527  _al_score_display_settings       [   0.06563] Score is : 897
display  D   display_settings.c:212  debug_display_settings           [   0.06565] color: 16 (rgba 5650), depth: 16, stencil: 0, acc: 0000, samples: 0/0
display  D   display_settings.c:527  _al_score_display_settings       [   0.06566] Score is : 897
display  D   display_settings.c:212  debug_display_settings           [   0.06566] color: 16 (rgba 5650), depth: 16, stencil: 0, acc: 0000, samples: 2/1
display  D   display_settings.c:527  _al_score_display_settings       [   0.06567] Score is : 726
display  D   display_settings.c:212  debug_display_settings           [   0.06567] color: 16 (rgba 5650), depth: 16, stencil: 0, acc: 0000, samples: 3/1
display  D   display_settings.c:527  _al_score_display_settings       [   0.06567] Score is : 721
display  D   display_settings.c:212  debug_display_settings           [   0.06568] color: 16 (rgba 5650), depth: 16, stencil: 0, acc: 0000, samples: 4/1
display  D   display_settings.c:527  _al_score_display_settings       [   0.06568] Score is : 717
display  D   display_settings.c:212  debug_display_settings           [   0.06569] color: 32 (rgba 8880), depth: 0, stencil: 0, acc: 0000, samples: 0/0
display  D   display_settings.c:398  _al_score_display_settings       [   0.06569] Single Buffer requirement not met.
display  D   display_settings.c:212  debug_display_settings           [   0.06569] color: 32 (rgba 8880), depth: 0, stencil: 0, acc: 0000, samples: 0/0
display  D   display_settings.c:398  _al_score_display_settings       [   0.06570] Single Buffer requirement not met.
display  D   display_settings.c:212  debug_display_settings           [   0.06570] color: 32 (rgba 8880), depth: 0, stencil: 0, acc: 0000, samples: 2/1
display  D   display_settings.c:398  _al_score_display_settings       [   0.06570] Single Buffer requirement not met.
display  D   display_settings.c:212  debug_display_settings           [   0.06571] color: 32 (rgba 8880), depth: 0, stencil: 0, acc: 0000, samples: 3/1
display  D   display_settings.c:398  _al_score_display_settings       [   0.06571] Single Buffer requirement not met.
display  D   display_settings.c:212  debug_display_settings           [   0.06572] color: 32 (rgba 8880), depth: 0, stencil: 0, acc: 0000, samples: 4/1
display  D   display_settings.c:398  _al_score_display_settings       [   0.06572] Single Buffer requirement not met.
display  D   display_settings.c:212  debug_display_settings           [   0.06572] color: 32 (rgba 8880), depth: 24, stencil: 8, acc: 0000, samples: 0/0
display  D   display_settings.c:398  _al_score_display_settings       [   0.06573] Single Buffer requirement not met.
display  D   display_settings.c:212  debug_display_settings           [   0.06573] color: 32 (rgba 8880), depth: 24, stencil: 8, acc: 0000, samples: 0/0
display  D   display_settings.c:398  _al_score_display_settings       [   0.06573] Single Buffer requirement not met.
display  D   display_settings.c:212  debug_display_settings           [   0.06574] color: 32 (rgba 8880), depth: 24, stencil: 8, acc: 0000, samples: 2/1
display  D   display_settings.c:398  _al_score_display_settings       [   0.06574] Single Buffer requirement not met.
display  D   display_settings.c:212  debug_display_settings           [   0.06575] color: 32 (rgba 8880), depth: 24, stencil: 8, acc: 0000, samples: 3/1
display  D   display_settings.c:398  _al_score_display_settings       [   0.06575] Single Buffer requirement not met.
display  D   display_settings.c:212  debug_display_settings           [   0.06575] color: 32 (rgba 8880), depth: 24, stencil: 8, acc: 0000, samples: 4/1
display  D   display_settings.c:398  _al_score_display_settings       [   0.06576] Single Buffer requirement not met.
display  D   display_settings.c:212  debug_display_settings           [   0.06576] color: 32 (rgba 8880), depth: 24, stencil: 0, acc: 0000, samples: 0/0
display  D   display_settings.c:398  _al_score_display_settings       [   0.06576] Single Buffer requirement not met.
display  D   display_settings.c:212  debug_display_settings           [   0.06578] color: 32 (rgba 8880), depth: 24, stencil: 0, acc: 0000, samples: 0/0
display  D   display_settings.c:398  _al_score_display_settings       [   0.06579] Single Buffer requirement not met.
display  D   display_settings.c:212  debug_display_settings           [   0.06579] color: 32 (rgba 8880), depth: 24, stencil: 0, acc: 0000, samples: 2/1
display  D   display_settings.c:398  _al_score_display_settings       [   0.06580] Single Buffer requirement not met.
display  D   display_settings.c:212  debug_display_settings           [   0.06580] color: 32 (rgba 8880), depth: 24, stencil: 0, acc: 0000, samples: 3/1
display  D   display_settings.c:398  _al_score_display_settings       [   0.06580] Single Buffer requirement not met.
display  D   display_settings.c:212  debug_display_settings           [   0.06581] color: 32 (rgba 8880), depth: 24, stencil: 0, acc: 0000, samples: 4/1
display  D   display_settings.c:398  _al_score_display_settings       [   0.06581] Single Buffer requirement not met.
display  D   display_settings.c:212  debug_display_settings           [   0.06581] color: 32 (rgba 8880), depth: 16, stencil: 0, acc: 0000, samples: 0/0
display  D   display_settings.c:398  _al_score_display_settings       [   0.06582] Single Buffer requirement not met.
display  D   display_settings.c:212  debug_display_settings           [   0.06582] color: 32 (rgba 8880), depth: 16, stencil: 0, acc: 0000, samples: 0/0
display  D   display_settings.c:398  _al_score_display_settings       [   0.06583] Single Buffer requirement not met.
display  D   display_settings.c:212  debug_display_settings           [   0.06583] color: 32 (rgba 8880), depth: 16, stencil: 0, acc: 0000, samples: 2/1
display  D   display_settings.c:398  _al_score_display_settings       [   0.06583] Single Buffer requirement not met.
display  D   display_settings.c:212  debug_display_settings           [   0.06584] color: 32 (rgba 8880), depth: 16, stencil: 0, acc: 0000, samples: 3/1
display  D   display_settings.c:398  _al_score_display_settings       [   0.06584] Single Buffer requirement not met.
display  D   display_settings.c:212  debug_display_settings           [   0.06584] color: 32 (rgba 8880), depth: 16, stencil: 0, acc: 0000, samples: 4/1
display  D   display_settings.c:398  _al_score_display_settings       [   0.06585] Single Buffer requirement not met.
display  D   display_settings.c:212  debug_display_settings           [   0.06585] color: 16 (rgba 5650), depth: 0, stencil: 0, acc: 0000, samples: 0/0
display  D   display_settings.c:398  _al_score_display_settings       [   0.06586] Single Buffer requirement not met.
display  D   display_settings.c:212  debug_display_settings           [   0.06586] color: 16 (rgba 5650), depth: 0, stencil: 0, acc: 0000, samples: 0/0
display  D   display_settings.c:398  _al_score_display_settings       [   0.06586] Single Buffer requirement not met.
display  D   display_settings.c:212  debug_display_settings           [   0.06587] color: 16 (rgba 5650), depth: 0, stencil: 0, acc: 0000, samples: 2/1
display  D   display_settings.c:398  _al_score_display_settings       [   0.06587] Single Buffer requirement not met.
display  D   display_settings.c:212  debug_display_settings           [   0.06587] color: 16 (rgba 5650), depth: 0, stencil: 0, acc: 0000, samples: 3/1
display  D   display_settings.c:398  _al_score_display_settings       [   0.06588] Single Buffer requirement not met.
display  D   display_settings.c:212  debug_display_settings           [   0.06588] color: 16 (rgba 5650), depth: 0, stencil: 0, acc: 0000, samples: 4/1
display  D   display_settings.c:398  _al_score_display_settings       [   0.06589] Single Buffer requirement not met.
display  D   display_settings.c:212  debug_display_settings           [   0.06589] color: 16 (rgba 5650), depth: 24, stencil: 8, acc: 0000, samples: 0/0
display  D   display_settings.c:398  _al_score_display_settings       [   0.06589] Single Buffer requirement not met.
display  D   display_settings.c:212  debug_display_settings           [   0.06590] color: 16 (rgba 5650), depth: 24, stencil: 8, acc: 0000, samples: 0/0
display  D   display_settings.c:398  _al_score_display_settings       [   0.06590] Single Buffer requirement not met.
display  D   display_settings.c:212  debug_display_settings           [   0.06591] color: 16 (rgba 5650), depth: 24, stencil: 8, acc: 0000, samples: 2/1
display  D   display_settings.c:398  _al_score_display_settings       [   0.06591] Single Buffer requirement not met.
display  D   display_settings.c:212  debug_display_settings           [   0.06591] color: 16 (rgba 5650), depth: 24, stencil: 8, acc: 0000, samples: 3/1
display  D   display_settings.c:398  _al_score_display_settings       [   0.06592] Single Buffer requirement not met.
display  D   display_settings.c:212  debug_display_settings           [   0.06592] color: 16 (rgba 5650), depth: 24, stencil: 8, acc: 0000, samples: 4/1
display  D   display_settings.c:398  _al_score_display_settings       [   0.06592] Single Buffer requirement not met.
display  D   display_settings.c:212  debug_display_settings           [   0.06593] color: 16 (rgba 5650), depth: 24, stencil: 0, acc: 0000, samples: 0/0
display  D   display_settings.c:398  _al_score_display_settings       [   0.06593] Single Buffer requirement not met.
display  D   display_settings.c:212  debug_display_settings           [   0.06593] color: 16 (rgba 5650), depth: 24, stencil: 0, acc: 0000, samples: 0/0
display  D   display_settings.c:398  _al_score_display_settings       [   0.06594] Single Buffer requirement not met.
display  D   display_settings.c:212  debug_display_settings           [   0.06594] color: 16 (rgba 5650), depth: 24, stencil: 0, acc: 0000, samples: 2/1
display  D   display_settings.c:398  _al_score_display_settings       [   0.06595] Single Buffer requirement not met.
display  D   display_settings.c:212  debug_display_settings           [   0.06595] color: 16 (rgba 5650), depth: 24, stencil: 0, acc: 0000, samples: 3/1
display  D   display_settings.c:398  _al_score_display_settings       [   0.06595] Single Buffer requirement not met.
display  D   display_settings.c:212  debug_display_settings           [   0.06596] color: 16 (rgba 5650), depth: 24, stencil: 0, acc: 0000, samples: 4/1
display  D   display_settings.c:398  _al_score_display_settings       [   0.06596] Single Buffer requirement not met.
display  D   display_settings.c:212  debug_display_settings           [   0.06596] color: 16 (rgba 5650), depth: 16, stencil: 0, acc: 0000, samples: 0/0
display  D   display_settings.c:398  _al_score_display_settings       [   0.06597] Single Buffer requirement not met.
display  D   display_settings.c:212  debug_display_settings           [   0.06597] color: 16 (rgba 5650), depth: 16, stencil: 0, acc: 0000, samples: 0/0
display  D   display_settings.c:398  _al_score_display_settings       [   0.06598] Single Buffer requirement not met.
display  D   display_settings.c:212  debug_display_settings           [   0.06598] color: 16 (rgba 5650), depth: 16, stencil: 0, acc: 0000, samples: 2/1
display  D   display_settings.c:398  _al_score_display_settings       [   0.06598] Single Buffer requirement not met.
display  D   display_settings.c:212  debug_display_settings           [   0.06599] color: 16 (rgba 5650), depth: 16, stencil: 0, acc: 0000, samples: 3/1
display  D   display_settings.c:398  _al_score_display_settings       [   0.06599] Single Buffer requirement not met.
display  D   display_settings.c:212  debug_display_settings           [   0.06599] color: 16 (rgba 5650), depth: 16, stencil: 0, acc: 0000, samples: 4/1
display  D   display_settings.c:398  _al_score_display_settings       [   0.06600] Single Buffer requirement not met.
display  D   display_settings.c:212  debug_display_settings           [   0.06600] color: 32 (rgba 8880), depth: 0, stencil: 0, acc: 0000, samples: 0/0
display  D   display_settings.c:527  _al_score_display_settings       [   0.06601] Score is : 769
display  D   display_settings.c:212  debug_display_settings           [   0.06601] color: 32 (rgba 8880), depth: 0, stencil: 0, acc: 0000, samples: 0/0
display  D   display_settings.c:527  _al_score_display_settings       [   0.06601] Score is : 769
display  D   display_settings.c:212  debug_display_settings           [   0.06602] color: 32 (rgba 8880), depth: 0, stencil: 0, acc: 0000, samples: 2/1
display  D   display_settings.c:527  _al_score_display_settings       [   0.06602] Score is : 598
display  D   display_settings.c:212  debug_display_settings           [   0.06603] color: 32 (rgba 8880), depth: 0, stencil: 0, acc: 0000, samples: 3/1
display  D   display_settings.c:527  _al_score_display_settings       [   0.06603] Score is : 593
display  D   display_settings.c:212  debug_display_settings           [   0.06603] color: 32 (rgba 8880), depth: 0, stencil: 0, acc: 0000, samples: 4/1
display  D   display_settings.c:527  _al_score_display_settings       [   0.06604] Score is : 589
display  D   display_settings.c:212  debug_display_settings           [   0.06604] color: 32 (rgba 8880), depth: 24, stencil: 8, acc: 0000, samples: 0/0
display  D   display_settings.c:527  _al_score_display_settings       [   0.06604] Score is : 769
display  D   display_settings.c:212  debug_display_settings           [   0.06605] color: 32 (rgba 8880), depth: 24, stencil: 8, acc: 0000, samples: 0/0
display  D   display_settings.c:527  _al_score_display_settings       [   0.06605] Score is : 769
display  D   display_settings.c:212  debug_display_settings           [   0.06605] color: 32 (rgba 8880), depth: 24, stencil: 8, acc: 0000, samples: 2/1
display  D   display_settings.c:527  _al_score_display_settings       [   0.06606] Score is : 598
display  D   display_settings.c:212  debug_display_settings           [   0.06606] color: 32 (rgba 8880), depth: 24, stencil: 8, acc: 0000, samples: 3/1
display  D   display_settings.c:527  _al_score_display_settings       [   0.06607] Score is : 593
display  D   display_settings.c:212  debug_display_settings           [   0.06607] color: 32 (rgba 8880), depth: 24, stencil: 8, acc: 0000, samples: 4/1
display  D   display_settings.c:527  _al_score_display_settings       [   0.06607] Score is : 589
display  D   display_settings.c:212  debug_display_settings           [   0.06608] color: 32 (rgba 8880), depth: 24, stencil: 0, acc: 0000, samples: 0/0
display  D   display_settings.c:527  _al_score_display_settings       [   0.06608] Score is : 769
display  D   display_settings.c:212  debug_display_settings           [   0.06608] color: 32 (rgba 8880), depth: 24, stencil: 0, acc: 0000, samples: 0/0
display  D   display_settings.c:527  _al_score_display_settings       [   0.06609] Score is : 769
display  D   display_settings.c:212  debug_display_settings           [   0.06609] color: 32 (rgba 8880), depth: 24, stencil: 0, acc: 0000, samples: 2/1
display  D   display_settings.c:527  _al_score_display_settings       [   0.06609] Score is : 598
display  D   display_settings.c:212  debug_display_settings           [   0.06610] color: 32 (rgba 8880), depth: 24, stencil: 0, acc: 0000, samples: 3/1
display  D   display_settings.c:527  _al_score_display_settings       [   0.06610] Score is : 593
display  D   display_settings.c:212  debug_display_settings           [   0.06611] color: 32 (rgba 8880), depth: 24, stencil: 0, acc: 0000, samples: 4/1
display  D   display_settings.c:527  _al_score_display_settings       [   0.06611] Score is : 589
display  D   display_settings.c:212  debug_display_settings           [   0.06611] color: 32 (rgba 8880), depth: 16, stencil: 0, acc: 0000, samples: 0/0
display  D   display_settings.c:527  _al_score_display_settings       [   0.06612] Score is : 769
display  D   display_settings.c:212  debug_display_settings           [   0.06612] color: 32 (rgba 8880), depth: 16, stencil: 0, acc: 0000, samples: 0/0
display  D   display_settings.c:527  _al_score_display_settings       [   0.06612] Score is : 769
display  D   display_settings.c:212  debug_display_settings           [   0.06613] color: 32 (rgba 8880), depth: 16, stencil: 0, acc: 0000, samples: 2/1
display  D   display_settings.c:527  _al_score_display_settings       [   0.06613] Score is : 598
display  D   display_settings.c:212  debug_display_settings           [   0.06614] color: 32 (rgba 8880), depth: 16, stencil: 0, acc: 0000, samples: 3/1
display  D   display_settings.c:527  _al_score_display_settings       [   0.06614] Score is : 593
display  D   display_settings.c:212  debug_display_settings           [   0.06614] color: 32 (rgba 8880), depth: 16, stencil: 0, acc: 0000, samples: 4/1
display  D   display_settings.c:527  _al_score_display_settings       [   0.06615] Score is : 589
display  D   display_settings.c:212  debug_display_settings           [   0.06615] color: 16 (rgba 5650), depth: 0, stencil: 0, acc: 0000, samples: 0/0
display  D   display_settings.c:527  _al_score_display_settings       [   0.06615] Score is : 769
display  D   display_settings.c:212  debug_display_settings           [   0.06616] color: 16 (rgba 5650), depth: 0, stencil: 0, acc: 0000, samples: 0/0
display  D   display_settings.c:527  _al_score_display_settings       [   0.06616] Score is : 769
display  D   display_settings.c:212  debug_display_settings           [   0.06616] color: 16 (rgba 5650), depth: 0, stencil: 0, acc: 0000, samples: 2/1
display  D   display_settings.c:527  _al_score_display_settings       [   0.06617] Score is : 598
display  D   display_settings.c:212  debug_display_settings           [   0.06617] color: 16 (rgba 5650), depth: 0, stencil: 0, acc: 0000, samples: 3/1
display  D   display_settings.c:527  _al_score_display_settings       [   0.06618] Score is : 593
display  D   display_settings.c:212  debug_display_settings           [   0.06618] color: 16 (rgba 5650), depth: 0, stencil: 0, acc: 0000, samples: 4/1
display  D   display_settings.c:527  _al_score_display_settings       [   0.06618] Score is : 589
display  D   display_settings.c:212  debug_display_settings           [   0.06619] color: 16 (rgba 5650), depth: 24, stencil: 8, acc: 0000, samples: 0/0
display  D   display_settings.c:527  _al_score_display_settings       [   0.06619] Score is : 769
display  D   display_settings.c:212  debug_display_settings           [   0.06620] color: 16 (rgba 5650), depth: 24, stencil: 8, acc: 0000, samples: 0/0
display  D   display_settings.c:527  _al_score_display_settings       [   0.06620] Score is : 769
display  D   display_settings.c:212  debug_display_settings           [   0.06620] color: 16 (rgba 5650), depth: 24, stencil: 8, acc: 0000, samples: 2/1
display  D   display_settings.c:527  _al_score_display_settings       [   0.06621] Score is : 598
display  D   display_settings.c:212  debug_display_settings           [   0.06621] color: 16 (rgba 5650), depth: 24, stencil: 8, acc: 0000, samples: 3/1
display  D   display_settings.c:527  _al_score_display_settings       [   0.06621] Score is : 593
display  D   display_settings.c:212  debug_display_settings           [   0.06622] color: 16 (rgba 5650), depth: 24, stencil: 8, acc: 0000, samples: 4/1
display  D   display_settings.c:527  _al_score_display_settings       [   0.06622] Score is : 589
display  D   display_settings.c:212  debug_display_settings           [   0.06622] color: 16 (rgba 5650), depth: 24, stencil: 0, acc: 0000, samples: 0/0
display  D   display_settings.c:527  _al_score_display_settings       [   0.06623] Score is : 769
display  D   display_settings.c:212  debug_display_settings           [   0.06623] color: 16 (rgba 5650), depth: 24, stencil: 0, acc: 0000, samples: 0/0
display  D   display_settings.c:527  _al_score_display_settings       [   0.06624] Score is : 769
display  D   display_settings.c:212  debug_display_settings           [   0.06624] color: 16 (rgba 5650), depth: 24, stencil: 0, acc: 0000, samples: 2/1
display  D   display_settings.c:527  _al_score_display_settings       [   0.06624] Score is : 598
display  D   display_settings.c:212  debug_display_settings           [   0.06625] color: 16 (rgba 5650), depth: 24, stencil: 0, acc: 0000, samples: 3/1
display  D   display_settings.c:527  _al_score_display_settings       [   0.06625] Score is : 593
display  D   display_settings.c:212  debug_display_settings           [   0.06626] color: 16 (rgba 5650), depth: 24, stencil: 0, acc: 0000, samples: 4/1
display  D   display_settings.c:527  _al_score_display_settings       [   0.06626] Score is : 589
display  D   display_settings.c:212  debug_display_settings           [   0.06626] color: 16 (rgba 5650), depth: 16, stencil: 0, acc: 0000, samples: 0/0
display  D   display_settings.c:527  _al_score_display_settings       [   0.06627] Score is : 769
display  D   display_settings.c:212  debug_display_settings           [   0.06627] color: 16 (rgba 5650), depth: 16, stencil: 0, acc: 0000, samples: 0/0
display  D   display_settings.c:527  _al_score_display_settings       [   0.06627] Score is : 769
display  D   display_settings.c:212  debug_display_settings           [   0.06628] color: 16 (rgba 5650), depth: 16, stencil: 0, acc: 0000, samples: 2/1
display  D   display_settings.c:527  _al_score_display_settings       [   0.06628] Score is : 598
display  D   display_settings.c:212  debug_display_settings           [   0.06628] color: 16 (rgba 5650), depth: 16, stencil: 0, acc: 0000, samples: 3/1
display  D   display_settings.c:527  _al_score_display_settings       [   0.06629] Score is : 593
display  D   display_settings.c:212  debug_display_settings           [   0.06629] color: 16 (rgba 5650), depth: 16, stencil: 0, acc: 0000, samples: 4/1
display  D   display_settings.c:527  _al_score_display_settings       [   0.06630] Score is : 589
display  D   display_settings.c:212  debug_display_settings           [   0.06630] color: 32 (rgba 8880), depth: 0, stencil: 0, acc: 0000, samples: 0/0
display  D   display_settings.c:398  _al_score_display_settings       [   0.06630] Single Buffer requirement not met.
display  D   display_settings.c:212  debug_display_settings           [   0.06631] color: 32 (rgba 8880), depth: 0, stencil: 0, acc: 0000, samples: 0/0
display  D   display_settings.c:398  _al_score_display_settings       [   0.06631] Single Buffer requirement not met.
display  D   display_settings.c:212  debug_display_settings           [   0.06631] color: 32 (rgba 8880), depth: 0, stencil: 0, acc: 0000, samples: 2/1
display  D   display_settings.c:398  _al_score_display_settings       [   0.06632] Single Buffer requirement not met.
display  D   display_settings.c:212  debug_display_settings           [   0.06632] color: 32 (rgba 8880), depth: 0, stencil: 0, acc: 0000, samples: 3/1
display  D   display_settings.c:398  _al_score_display_settings       [   0.06633] Single Buffer requirement not met.
display  D   display_settings.c:212  debug_display_settings           [   0.06633] color: 32 (rgba 8880), depth: 0, stencil: 0, acc: 0000, samples: 4/1
display  D   display_settings.c:398  _al_score_display_settings       [   0.06633] Single Buffer requirement not met.
display  D   display_settings.c:212  debug_display_settings           [   0.06634] color: 32 (rgba 8880), depth: 24, stencil: 8, acc: 0000, samples: 0/0
display  D   display_settings.c:398  _al_score_display_settings       [   0.06634] Single Buffer requirement not met.
display  D   display_settings.c:212  debug_display_settings           [   0.06634] color: 32 (rgba 8880), depth: 24, stencil: 8, acc: 0000, samples: 0/0
display  D   display_settings.c:398  _al_score_display_settings       [   0.06635] Single Buffer requirement not met.
display  D   display_settings.c:212  debug_display_settings           [   0.06635] color: 32 (rgba 8880), depth: 24, stencil: 8, acc: 0000, samples: 2/1
display  D   display_settings.c:398  _al_score_display_settings       [   0.06635] Single Buffer requirement not met.
display  D   display_settings.c:212  debug_display_settings           [   0.06636] color: 32 (rgba 8880), depth: 24, stencil: 8, acc: 0000, samples: 3/1
display  D   display_settings.c:398  _al_score_display_settings       [   0.06636] Single Buffer requirement not met.
display  D   display_settings.c:212  debug_display_settings           [   0.06637] color: 32 (rgba 8880), depth: 24, stencil: 8, acc: 0000, samples: 4/1
display  D   display_settings.c:398  _al_score_display_settings       [   0.06637] Single Buffer requirement not met.
display  D   display_settings.c:212  debug_display_settings           [   0.06637] color: 32 (rgba 8880), depth: 24, stencil: 0, acc: 0000, samples: 0/0
display  D   display_settings.c:398  _al_score_display_settings       [   0.06638] Single Buffer requirement not met.
display  D   display_settings.c:212  debug_display_settings           [   0.06638] color: 32 (rgba 8880), depth: 24, stencil: 0, acc: 0000, samples: 0/0
display  D   display_settings.c:398  _al_score_display_settings       [   0.06639] Single Buffer requirement not met.
display  D   display_settings.c:212  debug_display_settings           [   0.06639] color: 32 (rgba 8880), depth: 24, stencil: 0, acc: 0000, samples: 2/1
display  D   display_settings.c:398  _al_score_display_settings       [   0.06639] Single Buffer requirement not met.
display  D   display_settings.c:212  debug_display_settings           [   0.06640] color: 32 (rgba 8880), depth: 24, stencil: 0, acc: 0000, samples: 3/1
display  D   display_settings.c:398  _al_score_display_settings       [   0.06640] Single Buffer requirement not met.
display  D   display_settings.c:212  debug_display_settings           [   0.06640] color: 32 (rgba 8880), depth: 24, stencil: 0, acc: 0000, samples: 4/1
display  D   display_settings.c:398  _al_score_display_settings       [   0.06641] Single Buffer requirement not met.
display  D   display_settings.c:212  debug_display_settings           [   0.06641] color: 32 (rgba 8880), depth: 16, stencil: 0, acc: 0000, samples: 0/0
display  D   display_settings.c:398  _al_score_display_settings       [   0.06642] Single Buffer requirement not met.
display  D   display_settings.c:212  debug_display_settings           [   0.06642] color: 32 (rgba 8880), depth: 16, stencil: 0, acc: 0000, samples: 0/0
display  D   display_settings.c:398  _al_score_display_settings       [   0.06642] Single Buffer requirement not met.
display  D   display_settings.c:212  debug_display_settings           [   0.06643] color: 32 (rgba 8880), depth: 16, stencil: 0, acc: 0000, samples: 2/1
display  D   display_settings.c:398  _al_score_display_settings       [   0.06643] Single Buffer requirement not met.
display  D   display_settings.c:212  debug_display_settings           [   0.06643] color: 32 (rgba 8880), depth: 16, stencil: 0, acc: 0000, samples: 3/1
display  D   display_settings.c:398  _al_score_display_settings       [   0.06644] Single Buffer requirement not met.
display  D   display_settings.c:212  debug_display_settings           [   0.06644] color: 32 (rgba 8880), depth: 16, stencil: 0, acc: 0000, samples: 4/1
display  D   display_settings.c:398  _al_score_display_settings       [   0.06645] Single Buffer requirement not met.
display  D   display_settings.c:212  debug_display_settings           [   0.06645] color: 16 (rgba 5650), depth: 0, stencil: 0, acc: 0000, samples: 0/0
display  D   display_settings.c:398  _al_score_display_settings       [   0.06645] Single Buffer requirement not met.
display  D   display_settings.c:212  debug_display_settings           [   0.06646] color: 16 (rgba 5650), depth: 0, stencil: 0, acc: 0000, samples: 0/0
display  D   display_settings.c:398  _al_score_display_settings       [   0.06646] Single Buffer requirement not met.
display  D   display_settings.c:212  debug_display_settings           [   0.06646] color: 16 (rgba 5650), depth: 0, stencil: 0, acc: 0000, samples: 2/1
display  D   display_settings.c:398  _al_score_display_settings       [   0.06647] Single Buffer requirement not met.
display  D   display_settings.c:212  debug_display_settings           [   0.06647] color: 16 (rgba 5650), depth: 0, stencil: 0, acc: 0000, samples: 3/1
display  D   display_settings.c:398  _al_score_display_settings       [   0.06648] Single Buffer requirement not met.
display  D   display_settings.c:212  debug_display_settings           [   0.06648] color: 16 (rgba 5650), depth: 0, stencil: 0, acc: 0000, samples: 4/1
display  D   display_settings.c:398  _al_score_display_settings       [   0.06648] Single Buffer requirement not met.
display  D   display_settings.c:212  debug_display_settings           [   0.06649] color: 16 (rgba 5650), depth: 24, stencil: 8, acc: 0000, samples: 0/0
display  D   display_settings.c:398  _al_score_display_settings       [   0.06649] Single Buffer requirement not met.
display  D   display_settings.c:212  debug_display_settings           [   0.06649] color: 16 (rgba 5650), depth: 24, stencil: 8, acc: 0000, samples: 0/0
display  D   display_settings.c:398  _al_score_display_settings       [   0.06650] Single Buffer requirement not met.
display  D   display_settings.c:212  debug_display_settings           [   0.06650] color: 16 (rgba 5650), depth: 24, stencil: 8, acc: 0000, samples: 2/1
display  D   display_settings.c:398  _al_score_display_settings       [   0.06651] Single Buffer requirement not met.
display  D   display_settings.c:212  debug_display_settings           [   0.06651] color: 16 (rgba 5650), depth: 24, stencil: 8, acc: 0000, samples: 3/1
display  D   display_settings.c:398  _al_score_display_settings       [   0.06651] Single Buffer requirement not met.
display  D   display_settings.c:212  debug_display_settings           [   0.06652] color: 16 (rgba 5650), depth: 24, stencil: 8, acc: 0000, samples: 4/1
display  D   display_settings.c:398  _al_score_display_settings       [   0.06652] Single Buffer requirement not met.
display  D   display_settings.c:212  debug_display_settings           [   0.06652] color: 16 (rgba 5650), depth: 24, stencil: 0, acc: 0000, samples: 0/0
display  D   display_settings.c:398  _al_score_display_settings       [   0.06653] Single Buffer requirement not met.
display  D   display_settings.c:212  debug_display_settings           [   0.06653] color: 16 (rgba 5650), depth: 24, stencil: 0, acc: 0000, samples: 0/0
display  D   display_settings.c:398  _al_score_display_settings       [   0.06654] Single Buffer requirement not met.
display  D   display_settings.c:212  debug_display_settings           [   0.06654] color: 16 (rgba 5650), depth: 24, stencil: 0, acc: 0000, samples: 2/1
display  D   display_settings.c:398  _al_score_display_settings       [   0.06654] Single Buffer requirement not met.
display  D   display_settings.c:212  debug_display_settings           [   0.06655] color: 16 (rgba 5650), depth: 24, stencil: 0, acc: 0000, samples: 3/1
display  D   display_settings.c:398  _al_score_display_settings       [   0.06655] Single Buffer requirement not met.
display  D   display_settings.c:212  debug_display_settings           [   0.06655] color: 16 (rgba 5650), depth: 24, stencil: 0, acc: 0000, samples: 4/1
display  D   display_settings.c:398  _al_score_display_settings       [   0.06656] Single Buffer requirement not met.
display  D   display_settings.c:212  debug_display_settings           [   0.06656] color: 16 (rgba 5650), depth: 16, stencil: 0, acc: 0000, samples: 0/0
display  D   display_settings.c:398  _al_score_display_settings       [   0.06657] Single Buffer requirement not met.
display  D   display_settings.c:212  debug_display_settings           [   0.06657] color: 16 (rgba 5650), depth: 16, stencil: 0, acc: 0000, samples: 0/0
display  D   display_settings.c:398  _al_score_display_settings       [   0.06657] Single Buffer requirement not met.
display  D   display_settings.c:212  debug_display_settings           [   0.06658] color: 16 (rgba 5650), depth: 16, stencil: 0, acc: 0000, samples: 2/1
display  D   display_settings.c:398  _al_score_display_settings       [   0.06658] Single Buffer requirement not met.
display  D   display_settings.c:212  debug_display_settings           [   0.06658] color: 16 (rgba 5650), depth: 16, stencil: 0, acc: 0000, samples: 3/1
display  D   display_settings.c:398  _al_score_display_settings       [   0.06659] Single Buffer requirement not met.
display  D   display_settings.c:212  debug_display_settings           [   0.06659] color: 16 (rgba 5650), depth: 16, stencil: 0, acc: 0000, samples: 4/1
display  D   display_settings.c:398  _al_score_display_settings       [   0.06660] Single Buffer requirement not met.
d3d      D         d3d_disp.cpp:1668 d3d_create_display_internals     [   0.06661] Trying format 0.
d3d      I         d3d_disp.cpp:1344 d3d_display_thread_proc          [   0.06672] Chose a display format: 23
d3d      I         d3d_disp.cpp:1413 d3d_display_thread_proc          [   0.06674] Normal window.
d3d      I         d3d_disp.cpp:781  d3d_create_device                [   0.11515] Using no depth stencil buffer
d3d      D         d3d_disp.cpp:839  d3d_create_device                [   0.17377] BeginScene succeeded in create_device
d3d      D         d3d_disp.cpp:847  d3d_create_device                [   0.17378] Success
d3d      D         d3d_disp.cpp:1691 d3d_create_display_internals     [   0.17380] Resumed after wait.
d3d      I         d3d_disp.cpp:1724 d3d_create_display_internals     [   0.17382] Format 0 succeeded.
d3d      D         d3d_disp.cpp:1755 d3d_create_display_internals     [   0.17384] Returning d3d_display: 00000000000CBE60
d3d      D         d3d_disp.cpp:1780 d3d_create_display_locked        [   0.17384] al_display=00000000000CBE60
d3d      D         d3d_disp.cpp:1781 d3d_create_display_locked        [   0.17385] al_display->vt=0000000002721C60
system   D            wsystem.c:788  _al_win_safe_load_library        [   0.17404] PathFindOnPath found: C:\Windows\system32\d3dx9_43.dll
system   D            wsystem.c:699  load_library_at_path             [   0.17405] Calling LoadLibrary C:\Windows\system32\d3dx9_43.dll
system   I            wsystem.c:702  load_library_at_path             [   0.17439] Loaded C:\Windows\system32\d3dx9_43.dll
d3dx9    I        d3d_d3dx9.cpp:88   _imp_load_d3dx9_module_version   [   0.17442] Module "d3dx9_43.dll" loaded.
dtor     D               dtor.c:196  _al_register_destructor          [   0.17498] added dtor for timer 00000000027D8530, func 0000000061AFE7A1
dtor     D               dtor.c:196  _al_register_destructor          [   0.17499] added dtor for queue 00000000094631C0, func 0000000061AEBC0B
stdio    D         file_stdio.c:110  file_stdio_fopen                 [   0.17955] opening .\img\pirulen.ttf rb
dtor     D               dtor.c:116  _al_run_destructors              [   2.18110] calling dtor for queue 00000000094631C0, func 0000000061AEBC0B
dtor     D               dtor.c:227  _al_unregister_destructor        [   2.18111] removed dtor for queue 00000000094631C0
dtor     D               dtor.c:116  _al_run_destructors              [   2.18116] calling dtor for timer 00000000027D8530, func 0000000061AFE7A1
dtor     D               dtor.c:227  _al_unregister_destructor        [   2.18117] removed dtor for timer 00000000027D8530
dtor     D               dtor.c:227  _al_unregister_destructor        [   2.18117] removed dtor for sample_instance 00000000000CAFC0
dtor     D               dtor.c:227  _al_unregister_destructor        [   2.18118] removed dtor for sample_instance 00000000000CB0E0
dtor     D               dtor.c:227  _al_unregister_destructor        [   2.18118] removed dtor for sample_instance 00000000000CB250
dtor     D               dtor.c:227  _al_unregister_destructor        [   2.18119] removed dtor for sample_instance 00000000000CBA60
dtor     D               dtor.c:227  _al_unregister_destructor        [   2.18119] removed dtor for sample_instance 00000000000CA560
dtor     D               dtor.c:227  _al_unregister_destructor        [   2.18120] removed dtor for sample_instance 00000000000CA680
dtor     D               dtor.c:227  _al_unregister_destructor        [   2.18120] removed dtor for sample_instance 000000000271FFD0
dtor     D               dtor.c:227  _al_unregister_destructor        [   2.18120] removed dtor for sample_instance 00000000027200F0
dtor     D               dtor.c:227  _al_unregister_destructor        [   2.18121] removed dtor for sample_instance 0000000002720320
dtor     D               dtor.c:227  _al_unregister_destructor        [   2.18121] removed dtor for sample_instance 0000000002720440
dtor     D               dtor.c:227  _al_unregister_destructor        [   2.18122] removed dtor for mixer 00000000000CA290
audio-dsound D           dsound.cpp:528  _dsound_stop_voice               [   2.18122] Stopping voice
audio-dsound D           dsound.cpp:545  _dsound_stop_voice               [   2.18123] Joining thread
audio-dsound D           dsound.cpp:551  _dsound_stop_voice               [   2.18517] Joined thread
audio-dsound D           dsound.cpp:553  _dsound_stop_voice               [   2.18518] Destroying thread
audio-dsound D           dsound.cpp:555  _dsound_stop_voice               [   2.18518] Thread destroyed
audio-dsound D           dsound.cpp:562  _dsound_stop_voice               [   2.18519] Releasing buffer
audio-dsound I           dsound.cpp:566  _dsound_stop_voice               [   2.18519] Voice stopped
dtor     D               dtor.c:227  _al_unregister_destructor        [   2.18520] removed dtor for voice 00000000000C9AF0
audio-dsound D           dsound.cpp:380  _dsound_deallocate_voice         [   2.18520] Deallocating voice
audio-dsound D           dsound.cpp:385  _dsound_deallocate_voice         [   2.18521] Deallocated voice
audio-dsound D           dsound.cpp:296  _dsound_close                    [   2.18521] Releasing device
audio-dsound D           dsound.cpp:298  _dsound_close                    [   2.20507] Released device
audio-dsound I           dsound.cpp:299  _dsound_close                    [   2.20510] DirectSound closed
d3d      I         d3d_disp.cpp:901  d3d_destroy_display              [   2.23815] destroying display 00000000000CBE60 (current 0000000000000000)
d3d      D         d3d_disp.cpp:885  d3d_destroy_display_internals    [   2.24005] waiting for display 00000000000CBE60's thread to end
d3d      W         d3d_disp.cpp:595  d3d_destroy_device               [   2.25113] d3d_destroy_device: ref count not 0
d3d      I         d3d_disp.cpp:1548 d3d_display_thread_proc          [   2.25994] d3d display thread exits
