stdio    D         file_stdio.c:110  file_stdio_fopen                 [   0.00000] opening C:\Users\Tsao Han Wen\Desktop\GITHUB\hello_git\final\allegro\bin\Debug\allegro5.cfg r
system   D            wsystem.c:788  _al_win_safe_load_library        [   0.00000] PathFindOnPath found: C:\Windows\system32\shcore.dll
system   D            wsystem.c:699  load_library_at_path             [   0.00000] Calling LoadLibrary C:\Windows\system32\shcore.dll
system   I            wsystem.c:702  load_library_at_path             [   0.00000] Loaded C:\Windows\system32\shcore.dll
system   I             system.c:264  al_install_system                [   0.00000] Allegro version: 5.2.4
audio-dsound I           dsound.cpp:271  _dsound_open                     [   0.00014] Starting DirectSound...
audio-dsound D           dsound.cpp:280  _dsound_open                     [   0.04158] DirectSoundCreate8 succeeded
audio-dsound I           dsound.cpp:73   get_window                       [   0.04160] Using desktop window: 0000000000010010
audio    I              audio.c:347  do_install_audio                 [   0.04165] Using DirectSound driver
audio-dsound D           dsound.cpp:311  _dsound_allocate_voice           [   0.04168] Allocating voice
audio-dsound D           dsound.cpp:370  _dsound_allocate_voice           [   0.04168] Allocated voice
dtor     D               dtor.c:196  _al_register_destructor          [   0.04169] added dtor for voice 0000000000EB9B30, func 0000000061BEEBB3
dtor     D               dtor.c:196  _al_register_destructor          [   0.04170] added dtor for mixer 0000000000EBA2D0, func 0000000061BEA1B3
audio-dsound D           dsound.cpp:466  _dsound_start_voice              [   0.04170] Starting voice
audio-dsound D           dsound.cpp:494  _dsound_start_voice              [   0.04171] CreateSoundBuffer
audio-dsound D           dsound.cpp:502  _dsound_start_voice              [   0.04286] CreateSoundBuffer succeeded
audio-dsound D           dsound.cpp:508  _dsound_start_voice              [   0.04287] Starting _dsound_update thread
audio-dsound I           dsound.cpp:518  _dsound_start_voice              [   0.04290] Voice started
dtor     D               dtor.c:196  _al_register_destructor          [   0.04291] added dtor for sample_instance 0000000000EBB000, func 0000000061BE32C3
audio    D          kcm_mixer.c:121  _al_rechannel_matrix             [   0.04292] sample matrix:
audio    D          kcm_mixer.c:127  _al_rechannel_matrix             [   0.04292] 
audio    D          kcm_mixer.c:127  _al_rechannel_matrix             [   0.04292] 
dtor     D               dtor.c:196  _al_register_destructor          [   0.04293] added dtor for sample_instance 0000000000EBB400, func 0000000061BE32C3
audio    D          kcm_mixer.c:121  _al_rechannel_matrix             [   0.04293] sample matrix:
audio    D          kcm_mixer.c:127  _al_rechannel_matrix             [   0.04294] 
audio    D          kcm_mixer.c:127  _al_rechannel_matrix             [   0.04294] 
dtor     D               dtor.c:196  _al_register_destructor          [   0.04295] added dtor for sample_instance 0000000000EBA560, func 0000000061BE32C3
audio    D          kcm_mixer.c:121  _al_rechannel_matrix             [   0.04295] sample matrix:
audio    D          kcm_mixer.c:127  _al_rechannel_matrix             [   0.04295] 
audio    D          kcm_mixer.c:127  _al_rechannel_matrix             [   0.04296] 
dtor     D               dtor.c:196  _al_register_destructor          [   0.04296] added dtor for sample_instance 0000000000EBA6B0, func 0000000061BE32C3
audio    D          kcm_mixer.c:121  _al_rechannel_matrix             [   0.04303] sample matrix:
audio    D          kcm_mixer.c:127  _al_rechannel_matrix             [   0.04304] 
audio    D          kcm_mixer.c:127  _al_rechannel_matrix             [   0.04304] 
dtor     D               dtor.c:196  _al_register_destructor          [   0.04304] added dtor for sample_instance 00000000026800B0, func 0000000061BE32C3
audio    D          kcm_mixer.c:121  _al_rechannel_matrix             [   0.04305] sample matrix:
audio    D          kcm_mixer.c:127  _al_rechannel_matrix             [   0.04308] 
audio    D          kcm_mixer.c:127  _al_rechannel_matrix             [   0.04309] 
dtor     D               dtor.c:196  _al_register_destructor          [   0.04309] added dtor for sample_instance 00000000026805E0, func 0000000061BE32C3
audio    D          kcm_mixer.c:121  _al_rechannel_matrix             [   0.04309] sample matrix:
audio    D          kcm_mixer.c:127  _al_rechannel_matrix             [   0.04310] 
audio    D          kcm_mixer.c:127  _al_rechannel_matrix             [   0.04310] 
dtor     D               dtor.c:196  _al_register_destructor          [   0.04310] added dtor for sample_instance 0000000002680700, func 0000000061BE32C3
audio    D          kcm_mixer.c:121  _al_rechannel_matrix             [   0.04311] sample matrix:
audio    D          kcm_mixer.c:127  _al_rechannel_matrix             [   0.04311] 
audio    D          kcm_mixer.c:127  _al_rechannel_matrix             [   0.04314] 
dtor     D               dtor.c:196  _al_register_destructor          [   0.04314] added dtor for sample_instance 0000000002680820, func 0000000061BE32C3
audio    D          kcm_mixer.c:121  _al_rechannel_matrix             [   0.04315] sample matrix:
audio    D          kcm_mixer.c:127  _al_rechannel_matrix             [   0.04315] 
audio    D          kcm_mixer.c:127  _al_rechannel_matrix             [   0.04315] 
dtor     D               dtor.c:196  _al_register_destructor          [   0.04316] added dtor for sample_instance 0000000002680A50, func 0000000061BE32C3
audio    D          kcm_mixer.c:121  _al_rechannel_matrix             [   0.04316] sample matrix:
audio    D          kcm_mixer.c:127  _al_rechannel_matrix             [   0.04316] 
audio    D          kcm_mixer.c:127  _al_rechannel_matrix             [   0.04319] 
dtor     D               dtor.c:196  _al_register_destructor          [   0.04319] added dtor for sample_instance 0000000002680B70, func 0000000061BE32C3
audio    D          kcm_mixer.c:121  _al_rechannel_matrix             [   0.04319] sample matrix:
audio    D          kcm_mixer.c:127  _al_rechannel_matrix             [   0.04320] 
audio    D          kcm_mixer.c:127  _al_rechannel_matrix             [   0.04320] 
system   D            wsystem.c:788  _al_win_safe_load_library        [   0.04339] PathFindOnPath found: C:\Windows\system32\d3d9.dll
system   D            wsystem.c:699  load_library_at_path             [   0.04339] Calling LoadLibrary C:\Windows\system32\d3d9.dll
system   I            wsystem.c:702  load_library_at_path             [   0.04410] Loaded C:\Windows\system32\d3d9.dll
d3d      I         d3d_disp.cpp:674  d3d_init_display                 [   0.06825] Render-to-texture: 1
d3d      I         d3d_disp.cpp:1768 d3d_create_display_locked        [   0.06998] faux_fullscreen=0
d3d      D         d3d_disp.cpp:1769 d3d_create_display_locked        [   0.06999] al_display=0000000002681AB0
d3d      D         d3d_disp.cpp:1770 d3d_create_display_locked        [   0.07001] al_display->vt=0000000002681940
d3d      I d3d_display_formats.cpp:144  _al_d3d_generate_display_format_list [   0.07084] found 64 format combinations
display  D   display_settings.c:212  debug_display_settings           [   0.07085] color: 32 (rgba 8880), depth: 0, stencil: 0, acc: 0000, samples: 0/0
display  D   display_settings.c:527  _al_score_display_settings       [   0.07086] Score is : 897
display  D   display_settings.c:212  debug_display_settings           [   0.07086] color: 32 (rgba 8880), depth: 0, stencil: 0, acc: 0000, samples: 0/0
display  D   display_settings.c:527  _al_score_display_settings       [   0.07087] Score is : 897
display  D   display_settings.c:212  debug_display_settings           [   0.07087] color: 32 (rgba 8880), depth: 24, stencil: 8, acc: 0000, samples: 0/0
display  D   display_settings.c:527  _al_score_display_settings       [   0.07087] Score is : 897
display  D   display_settings.c:212  debug_display_settings           [   0.07088] color: 32 (rgba 8880), depth: 24, stencil: 8, acc: 0000, samples: 0/0
display  D   display_settings.c:527  _al_score_display_settings       [   0.07091] Score is : 897
display  D   display_settings.c:212  debug_display_settings           [   0.07091] color: 32 (rgba 8880), depth: 24, stencil: 0, acc: 0000, samples: 0/0
display  D   display_settings.c:527  _al_score_display_settings       [   0.07092] Score is : 897
display  D   display_settings.c:212  debug_display_settings           [   0.07092] color: 32 (rgba 8880), depth: 24, stencil: 0, acc: 0000, samples: 0/0
display  D   display_settings.c:527  _al_score_display_settings       [   0.07092] Score is : 897
display  D   display_settings.c:212  debug_display_settings           [   0.07093] color: 32 (rgba 8880), depth: 16, stencil: 0, acc: 0000, samples: 0/0
display  D   display_settings.c:527  _al_score_display_settings       [   0.07093] Score is : 897
display  D   display_settings.c:212  debug_display_settings           [   0.07093] color: 32 (rgba 8880), depth: 16, stencil: 0, acc: 0000, samples: 0/0
display  D   display_settings.c:527  _al_score_display_settings       [   0.07096] Score is : 897
display  D   display_settings.c:212  debug_display_settings           [   0.07097] color: 16 (rgba 5650), depth: 0, stencil: 0, acc: 0000, samples: 0/0
display  D   display_settings.c:527  _al_score_display_settings       [   0.07097] Score is : 897
display  D   display_settings.c:212  debug_display_settings           [   0.07097] color: 16 (rgba 5650), depth: 0, stencil: 0, acc: 0000, samples: 0/0
display  D   display_settings.c:527  _al_score_display_settings       [   0.07098] Score is : 897
display  D   display_settings.c:212  debug_display_settings           [   0.07098] color: 16 (rgba 5650), depth: 24, stencil: 8, acc: 0000, samples: 0/0
display  D   display_settings.c:527  _al_score_display_settings       [   0.07099] Score is : 897
display  D   display_settings.c:212  debug_display_settings           [   0.07099] color: 16 (rgba 5650), depth: 24, stencil: 8, acc: 0000, samples: 0/0
display  D   display_settings.c:527  _al_score_display_settings       [   0.07099] Score is : 897
display  D   display_settings.c:212  debug_display_settings           [   0.07100] color: 16 (rgba 5650), depth: 24, stencil: 0, acc: 0000, samples: 0/0
display  D   display_settings.c:527  _al_score_display_settings       [   0.07100] Score is : 897
display  D   display_settings.c:212  debug_display_settings           [   0.07101] color: 16 (rgba 5650), depth: 24, stencil: 0, acc: 0000, samples: 0/0
display  D   display_settings.c:527  _al_score_display_settings       [   0.07101] Score is : 897
display  D   display_settings.c:212  debug_display_settings           [   0.07101] color: 16 (rgba 5650), depth: 16, stencil: 0, acc: 0000, samples: 0/0
display  D   display_settings.c:527  _al_score_display_settings       [   0.07102] Score is : 897
display  D   display_settings.c:212  debug_display_settings           [   0.07102] color: 16 (rgba 5650), depth: 16, stencil: 0, acc: 0000, samples: 0/0
display  D   display_settings.c:527  _al_score_display_settings       [   0.07102] Score is : 897
display  D   display_settings.c:212  debug_display_settings           [   0.07103] color: 32 (rgba 8880), depth: 0, stencil: 0, acc: 0000, samples: 0/0
display  D   display_settings.c:398  _al_score_display_settings       [   0.07103] Single Buffer requirement not met.
display  D   display_settings.c:212  debug_display_settings           [   0.07104] color: 32 (rgba 8880), depth: 0, stencil: 0, acc: 0000, samples: 0/0
display  D   display_settings.c:398  _al_score_display_settings       [   0.07104] Single Buffer requirement not met.
display  D   display_settings.c:212  debug_display_settings           [   0.07104] color: 32 (rgba 8880), depth: 24, stencil: 8, acc: 0000, samples: 0/0
display  D   display_settings.c:398  _al_score_display_settings       [   0.07105] Single Buffer requirement not met.
display  D   display_settings.c:212  debug_display_settings           [   0.07105] color: 32 (rgba 8880), depth: 24, stencil: 8, acc: 0000, samples: 0/0
display  D   display_settings.c:398  _al_score_display_settings       [   0.07107] Single Buffer requirement not met.
display  D   display_settings.c:212  debug_display_settings           [   0.07108] color: 32 (rgba 8880), depth: 24, stencil: 0, acc: 0000, samples: 0/0
display  D   display_settings.c:398  _al_score_display_settings       [   0.07108] Single Buffer requirement not met.
display  D   display_settings.c:212  debug_display_settings           [   0.07109] color: 32 (rgba 8880), depth: 24, stencil: 0, acc: 0000, samples: 0/0
display  D   display_settings.c:398  _al_score_display_settings       [   0.07109] Single Buffer requirement not met.
display  D   display_settings.c:212  debug_display_settings           [   0.07109] color: 32 (rgba 8880), depth: 16, stencil: 0, acc: 0000, samples: 0/0
display  D   display_settings.c:398  _al_score_display_settings       [   0.07110] Single Buffer requirement not met.
display  D   display_settings.c:212  debug_display_settings           [   0.07110] color: 32 (rgba 8880), depth: 16, stencil: 0, acc: 0000, samples: 0/0
display  D   display_settings.c:398  _al_score_display_settings       [   0.07110] Single Buffer requirement not met.
display  D   display_settings.c:212  debug_display_settings           [   0.07111] color: 16 (rgba 5650), depth: 0, stencil: 0, acc: 0000, samples: 0/0
display  D   display_settings.c:398  _al_score_display_settings       [   0.07111] Single Buffer requirement not met.
display  D   display_settings.c:212  debug_display_settings           [   0.07112] color: 16 (rgba 5650), depth: 0, stencil: 0, acc: 0000, samples: 0/0
display  D   display_settings.c:398  _al_score_display_settings       [   0.07112] Single Buffer requirement not met.
display  D   display_settings.c:212  debug_display_settings           [   0.07112] color: 16 (rgba 5650), depth: 24, stencil: 8, acc: 0000, samples: 0/0
display  D   display_settings.c:398  _al_score_display_settings       [   0.07113] Single Buffer requirement not met.
display  D   display_settings.c:212  debug_display_settings           [   0.07113] color: 16 (rgba 5650), depth: 24, stencil: 8, acc: 0000, samples: 0/0
display  D   display_settings.c:398  _al_score_display_settings       [   0.07114] Single Buffer requirement not met.
display  D   display_settings.c:212  debug_display_settings           [   0.07114] color: 16 (rgba 5650), depth: 24, stencil: 0, acc: 0000, samples: 0/0
display  D   display_settings.c:398  _al_score_display_settings       [   0.07114] Single Buffer requirement not met.
display  D   display_settings.c:212  debug_display_settings           [   0.07115] color: 16 (rgba 5650), depth: 24, stencil: 0, acc: 0000, samples: 0/0
display  D   display_settings.c:398  _al_score_display_settings       [   0.07115] Single Buffer requirement not met.
display  D   display_settings.c:212  debug_display_settings           [   0.07115] color: 16 (rgba 5650), depth: 16, stencil: 0, acc: 0000, samples: 0/0
display  D   display_settings.c:398  _al_score_display_settings       [   0.07116] Single Buffer requirement not met.
display  D   display_settings.c:212  debug_display_settings           [   0.07116] color: 16 (rgba 5650), depth: 16, stencil: 0, acc: 0000, samples: 0/0
display  D   display_settings.c:398  _al_score_display_settings       [   0.07117] Single Buffer requirement not met.
display  D   display_settings.c:212  debug_display_settings           [   0.07117] color: 32 (rgba 8880), depth: 0, stencil: 0, acc: 0000, samples: 0/0
display  D   display_settings.c:527  _al_score_display_settings       [   0.07117] Score is : 769
display  D   display_settings.c:212  debug_display_settings           [   0.07118] color: 32 (rgba 8880), depth: 0, stencil: 0, acc: 0000, samples: 0/0
display  D   display_settings.c:527  _al_score_display_settings       [   0.07118] Score is : 769
display  D   display_settings.c:212  debug_display_settings           [   0.07119] color: 32 (rgba 8880), depth: 24, stencil: 8, acc: 0000, samples: 0/0
display  D   display_settings.c:527  _al_score_display_settings       [   0.07119] Score is : 769
display  D   display_settings.c:212  debug_display_settings           [   0.07119] color: 32 (rgba 8880), depth: 24, stencil: 8, acc: 0000, samples: 0/0
display  D   display_settings.c:527  _al_score_display_settings       [   0.07120] Score is : 769
display  D   display_settings.c:212  debug_display_settings           [   0.07120] color: 32 (rgba 8880), depth: 24, stencil: 0, acc: 0000, samples: 0/0
display  D   display_settings.c:527  _al_score_display_settings       [   0.07122] Score is : 769
display  D   display_settings.c:212  debug_display_settings           [   0.07123] color: 32 (rgba 8880), depth: 24, stencil: 0, acc: 0000, samples: 0/0
display  D   display_settings.c:527  _al_score_display_settings       [   0.07123] Score is : 769
display  D   display_settings.c:212  debug_display_settings           [   0.07123] color: 32 (rgba 8880), depth: 16, stencil: 0, acc: 0000, samples: 0/0
display  D   display_settings.c:527  _al_score_display_settings       [   0.07124] Score is : 769
display  D   display_settings.c:212  debug_display_settings           [   0.07124] color: 32 (rgba 8880), depth: 16, stencil: 0, acc: 0000, samples: 0/0
display  D   display_settings.c:527  _al_score_display_settings       [   0.07125] Score is : 769
display  D   display_settings.c:212  debug_display_settings           [   0.07125] color: 16 (rgba 5650), depth: 0, stencil: 0, acc: 0000, samples: 0/0
display  D   display_settings.c:527  _al_score_display_settings       [   0.07125] Score is : 769
display  D   display_settings.c:212  debug_display_settings           [   0.07126] color: 16 (rgba 5650), depth: 0, stencil: 0, acc: 0000, samples: 0/0
display  D   display_settings.c:527  _al_score_display_settings       [   0.07126] Score is : 769
display  D   display_settings.c:212  debug_display_settings           [   0.07126] color: 16 (rgba 5650), depth: 24, stencil: 8, acc: 0000, samples: 0/0
display  D   display_settings.c:527  _al_score_display_settings       [   0.07127] Score is : 769
display  D   display_settings.c:212  debug_display_settings           [   0.07127] color: 16 (rgba 5650), depth: 24, stencil: 8, acc: 0000, samples: 0/0
display  D   display_settings.c:527  _al_score_display_settings       [   0.07128] Score is : 769
display  D   display_settings.c:212  debug_display_settings           [   0.07128] color: 16 (rgba 5650), depth: 24, stencil: 0, acc: 0000, samples: 0/0
display  D   display_settings.c:527  _al_score_display_settings       [   0.07128] Score is : 769
display  D   display_settings.c:212  debug_display_settings           [   0.07129] color: 16 (rgba 5650), depth: 24, stencil: 0, acc: 0000, samples: 0/0
display  D   display_settings.c:527  _al_score_display_settings       [   0.07129] Score is : 769
display  D   display_settings.c:212  debug_display_settings           [   0.07129] color: 16 (rgba 5650), depth: 16, stencil: 0, acc: 0000, samples: 0/0
display  D   display_settings.c:527  _al_score_display_settings       [   0.07130] Score is : 769
display  D   display_settings.c:212  debug_display_settings           [   0.07130] color: 16 (rgba 5650), depth: 16, stencil: 0, acc: 0000, samples: 0/0
display  D   display_settings.c:527  _al_score_display_settings       [   0.07130] Score is : 769
display  D   display_settings.c:212  debug_display_settings           [   0.07131] color: 32 (rgba 8880), depth: 0, stencil: 0, acc: 0000, samples: 0/0
display  D   display_settings.c:398  _al_score_display_settings       [   0.07131] Single Buffer requirement not met.
display  D   display_settings.c:212  debug_display_settings           [   0.07132] color: 32 (rgba 8880), depth: 0, stencil: 0, acc: 0000, samples: 0/0
display  D   display_settings.c:398  _al_score_display_settings       [   0.07132] Single Buffer requirement not met.
display  D   display_settings.c:212  debug_display_settings           [   0.07132] color: 32 (rgba 8880), depth: 24, stencil: 8, acc: 0000, samples: 0/0
display  D   display_settings.c:398  _al_score_display_settings       [   0.07133] Single Buffer requirement not met.
display  D   display_settings.c:212  debug_display_settings           [   0.07133] color: 32 (rgba 8880), depth: 24, stencil: 8, acc: 0000, samples: 0/0
display  D   display_settings.c:398  _al_score_display_settings       [   0.07134] Single Buffer requirement not met.
display  D   display_settings.c:212  debug_display_settings           [   0.07134] color: 32 (rgba 8880), depth: 24, stencil: 0, acc: 0000, samples: 0/0
display  D   display_settings.c:398  _al_score_display_settings       [   0.07134] Single Buffer requirement not met.
display  D   display_settings.c:212  debug_display_settings           [   0.07135] color: 32 (rgba 8880), depth: 24, stencil: 0, acc: 0000, samples: 0/0
display  D   display_settings.c:398  _al_score_display_settings       [   0.07135] Single Buffer requirement not met.
display  D   display_settings.c:212  debug_display_settings           [   0.07135] color: 32 (rgba 8880), depth: 16, stencil: 0, acc: 0000, samples: 0/0
display  D   display_settings.c:398  _al_score_display_settings       [   0.07136] Single Buffer requirement not met.
display  D   display_settings.c:212  debug_display_settings           [   0.07136] color: 32 (rgba 8880), depth: 16, stencil: 0, acc: 0000, samples: 0/0
display  D   display_settings.c:398  _al_score_display_settings       [   0.07136] Single Buffer requirement not met.
display  D   display_settings.c:212  debug_display_settings           [   0.07137] color: 16 (rgba 5650), depth: 0, stencil: 0, acc: 0000, samples: 0/0
display  D   display_settings.c:398  _al_score_display_settings       [   0.07137] Single Buffer requirement not met.
display  D   display_settings.c:212  debug_display_settings           [   0.07138] color: 16 (rgba 5650), depth: 0, stencil: 0, acc: 0000, samples: 0/0
display  D   display_settings.c:398  _al_score_display_settings       [   0.07138] Single Buffer requirement not met.
display  D   display_settings.c:212  debug_display_settings           [   0.07138] color: 16 (rgba 5650), depth: 24, stencil: 8, acc: 0000, samples: 0/0
display  D   display_settings.c:398  _al_score_display_settings       [   0.07139] Single Buffer requirement not met.
display  D   display_settings.c:212  debug_display_settings           [   0.07139] color: 16 (rgba 5650), depth: 24, stencil: 8, acc: 0000, samples: 0/0
display  D   display_settings.c:398  _al_score_display_settings       [   0.07139] Single Buffer requirement not met.
display  D   display_settings.c:212  debug_display_settings           [   0.07140] color: 16 (rgba 5650), depth: 24, stencil: 0, acc: 0000, samples: 0/0
display  D   display_settings.c:398  _al_score_display_settings       [   0.07140] Single Buffer requirement not met.
display  D   display_settings.c:212  debug_display_settings           [   0.07141] color: 16 (rgba 5650), depth: 24, stencil: 0, acc: 0000, samples: 0/0
display  D   display_settings.c:398  _al_score_display_settings       [   0.07141] Single Buffer requirement not met.
display  D   display_settings.c:212  debug_display_settings           [   0.07141] color: 16 (rgba 5650), depth: 16, stencil: 0, acc: 0000, samples: 0/0
display  D   display_settings.c:398  _al_score_display_settings       [   0.07142] Single Buffer requirement not met.
display  D   display_settings.c:212  debug_display_settings           [   0.07142] color: 16 (rgba 5650), depth: 16, stencil: 0, acc: 0000, samples: 0/0
display  D   display_settings.c:398  _al_score_display_settings       [   0.07142] Single Buffer requirement not met.
d3d      D         d3d_disp.cpp:1668 d3d_create_display_internals     [   0.07143] Trying format 0.
d3d      I         d3d_disp.cpp:1344 d3d_display_thread_proc          [   0.07153] Chose a display format: 23
d3d      I         d3d_disp.cpp:1413 d3d_display_thread_proc          [   0.07154] Normal window.
d3d      I         d3d_disp.cpp:781  d3d_create_device                [   0.14902] Using no depth stencil buffer
d3d      D         d3d_disp.cpp:839  d3d_create_device                [   0.15835] BeginScene succeeded in create_device
d3d      D         d3d_disp.cpp:847  d3d_create_device                [   0.15836] Success
d3d      D         d3d_disp.cpp:1691 d3d_create_display_internals     [   0.15838] Resumed after wait.
d3d      I         d3d_disp.cpp:1724 d3d_create_display_internals     [   0.15839] Format 0 succeeded.
d3d      D         d3d_disp.cpp:1755 d3d_create_display_internals     [   0.15841] Returning d3d_display: 0000000002681AB0
d3d      D         d3d_disp.cpp:1780 d3d_create_display_locked        [   0.15841] al_display=0000000002681AB0
d3d      D         d3d_disp.cpp:1781 d3d_create_display_locked        [   0.15841] al_display->vt=0000000002681940
system   D            wsystem.c:788  _al_win_safe_load_library        [   0.15856] PathFindOnPath found: C:\Windows\system32\d3dx9_43.dll
system   D            wsystem.c:699  load_library_at_path             [   0.15857] Calling LoadLibrary C:\Windows\system32\d3dx9_43.dll
system   I            wsystem.c:702  load_library_at_path             [   0.15882] Loaded C:\Windows\system32\d3dx9_43.dll
d3dx9    I        d3d_d3dx9.cpp:88   _imp_load_d3dx9_module_version   [   0.15883] Module "d3dx9_43.dll" loaded.
dtor     D               dtor.c:196  _al_register_destructor          [   0.15978] added dtor for timer 000000000275B590, func 0000000061AFE7A1
dtor     D               dtor.c:196  _al_register_destructor          [   0.15980] added dtor for queue 000000000275E560, func 0000000061AEBC0B
stdio    D         file_stdio.c:110  file_stdio_fopen                 [   0.16169] opening pirulen.ttf rb
font     D                ttf.c:937  al_load_ttf_font_stretch_f       [   0.16190] Font pirulen.ttf loaded with pixel size 0 x 32.
font     D                ttf.c:939  al_load_ttf_font_stretch_f       [   0.16191]     ascent=31.0, descent=-8.0, height=38.0
dtor     D               dtor.c:196  _al_register_destructor          [   0.16192] added dtor for ttf_font 000000000275AF10, func 0000000061BDEF64
stdio    D         file_stdio.c:110  file_stdio_fopen                 [   0.16241] opening pirulen.ttf rb
font     D                ttf.c:937  al_load_ttf_font_stretch_f       [   0.16256] Font pirulen.ttf loaded with pixel size 0 x 24.
font     D                ttf.c:939  al_load_ttf_font_stretch_f       [   0.16257]     ascent=24.0, descent=-6.0, height=29.0
dtor     D               dtor.c:196  _al_register_destructor          [   0.16258] added dtor for ttf_font 000000000275AC70, func 0000000061BDEF64
stdio    D         file_stdio.c:110  file_stdio_fopen                 [   0.16429] opening main-bg.jpg rb
d3d      D         d3d_disp.cpp:1188 real_choose_bitmap_format        [   0.16788] Fake format
d3d      D         d3d_disp.cpp:1188 real_choose_bitmap_format        [   0.16789] Fake format
d3d      D         d3d_disp.cpp:1188 real_choose_bitmap_format        [   0.16789] Fake format
d3d      D         d3d_disp.cpp:1188 real_choose_bitmap_format        [   0.16789] Fake format
d3d      D         d3d_disp.cpp:1188 real_choose_bitmap_format        [   0.16790] Fake format
d3d      D         d3d_disp.cpp:1188 real_choose_bitmap_format        [   0.16790] Fake format
d3d      D         d3d_disp.cpp:1188 real_choose_bitmap_format        [   0.16790] Fake format
d3d      D         d3d_disp.cpp:1188 real_choose_bitmap_format        [   0.16791] Fake format
d3d      D         d3d_disp.cpp:1188 real_choose_bitmap_format        [   0.16791] Fake format
d3d      D         d3d_disp.cpp:1196 real_choose_bitmap_format        [   0.16791] Alpha doesn't match
d3d      D         d3d_disp.cpp:1203 real_choose_bitmap_format        [   0.16792] Adapter format is 23
d3d      D         d3d_disp.cpp:1206 real_choose_bitmap_format        [   0.16792] Found a format
d3d      I         d3d_disp.cpp:2377 d3d_create_bitmap                [   0.16793] Chose bitmap format 9
dtor     D               dtor.c:196  _al_register_destructor          [   0.16806] added dtor for bitmap 0000000004E623B0, func 0000000061AC1BC7
d3d      D         d3d_disp.cpp:1188 real_choose_bitmap_format        [   0.17495] Fake format
d3d      D         d3d_disp.cpp:1188 real_choose_bitmap_format        [   0.17496] Fake format
d3d      D         d3d_disp.cpp:1188 real_choose_bitmap_format        [   0.17497] Fake format
d3d      D         d3d_disp.cpp:1188 real_choose_bitmap_format        [   0.17497] Fake format
d3d      D         d3d_disp.cpp:1188 real_choose_bitmap_format        [   0.17497] Fake format
d3d      D         d3d_disp.cpp:1188 real_choose_bitmap_format        [   0.17498] Fake format
d3d      D         d3d_disp.cpp:1188 real_choose_bitmap_format        [   0.17498] Fake format
d3d      D         d3d_disp.cpp:1188 real_choose_bitmap_format        [   0.17498] Fake format
d3d      D         d3d_disp.cpp:1188 real_choose_bitmap_format        [   0.17498] Fake format
d3d      D         d3d_disp.cpp:1196 real_choose_bitmap_format        [   0.17499] Alpha doesn't match
d3d      D         d3d_disp.cpp:1203 real_choose_bitmap_format        [   0.17499] Adapter format is 23
d3d      D         d3d_disp.cpp:1206 real_choose_bitmap_format        [   0.17500] Found a format
d3d      I         d3d_disp.cpp:2377 d3d_create_bitmap                [   0.17500] Chose bitmap format 9
dtor     D               dtor.c:196  _al_register_destructor          [   0.17511] added dtor for bitmap 0000000004E62750, func 0000000061AC1BC7
dtor     D               dtor.c:227  _al_unregister_destructor        [   0.17525] removed dtor for bitmap 0000000004E623B0
stdio    D         file_stdio.c:110  file_stdio_fopen                 [   0.18119] opening settings.png rb
d3d      D         d3d_disp.cpp:1188 real_choose_bitmap_format        [   0.18129] Fake format
d3d      D         d3d_disp.cpp:1188 real_choose_bitmap_format        [   0.18130] Fake format
d3d      D         d3d_disp.cpp:1188 real_choose_bitmap_format        [   0.18130] Fake format
d3d      D         d3d_disp.cpp:1188 real_choose_bitmap_format        [   0.18131] Fake format
d3d      D         d3d_disp.cpp:1188 real_choose_bitmap_format        [   0.18131] Fake format
d3d      D         d3d_disp.cpp:1188 real_choose_bitmap_format        [   0.18131] Fake format
d3d      D         d3d_disp.cpp:1188 real_choose_bitmap_format        [   0.18132] Fake format
d3d      D         d3d_disp.cpp:1188 real_choose_bitmap_format        [   0.18132] Fake format
d3d      D         d3d_disp.cpp:1188 real_choose_bitmap_format        [   0.18132] Fake format
d3d      D         d3d_disp.cpp:1196 real_choose_bitmap_format        [   0.18133] Alpha doesn't match
d3d      D         d3d_disp.cpp:1203 real_choose_bitmap_format        [   0.18133] Adapter format is 23
d3d      D         d3d_disp.cpp:1206 real_choose_bitmap_format        [   0.18133] Found a format
d3d      I         d3d_disp.cpp:2377 d3d_create_bitmap                [   0.18134] Chose bitmap format 9
dtor     D               dtor.c:196  _al_register_destructor          [   0.18142] added dtor for bitmap 0000000004D85660, func 0000000061AC1BC7
stdio    D         file_stdio.c:110  file_stdio_fopen                 [   0.18153] opening settings2.png rb
d3d      D         d3d_disp.cpp:1188 real_choose_bitmap_format        [   0.18159] Fake format
d3d      D         d3d_disp.cpp:1188 real_choose_bitmap_format        [   0.18160] Fake format
d3d      D         d3d_disp.cpp:1188 real_choose_bitmap_format        [   0.18160] Fake format
d3d      D         d3d_disp.cpp:1188 real_choose_bitmap_format        [   0.18160] Fake format
d3d      D         d3d_disp.cpp:1188 real_choose_bitmap_format        [   0.18161] Fake format
d3d      D         d3d_disp.cpp:1188 real_choose_bitmap_format        [   0.18161] Fake format
d3d      D         d3d_disp.cpp:1188 real_choose_bitmap_format        [   0.18161] Fake format
d3d      D         d3d_disp.cpp:1188 real_choose_bitmap_format        [   0.18162] Fake format
d3d      D         d3d_disp.cpp:1188 real_choose_bitmap_format        [   0.18162] Fake format
d3d      D         d3d_disp.cpp:1196 real_choose_bitmap_format        [   0.18163] Alpha doesn't match
d3d      D         d3d_disp.cpp:1203 real_choose_bitmap_format        [   0.18163] Adapter format is 23
d3d      D         d3d_disp.cpp:1206 real_choose_bitmap_format        [   0.18163] Found a format
d3d      I         d3d_disp.cpp:2377 d3d_create_bitmap                [   0.18164] Chose bitmap format 9
dtor     D               dtor.c:196  _al_register_destructor          [   0.18169] added dtor for bitmap 0000000004D86E90, func 0000000061AC1BC7
acodec   I                ogg.c:204  _al_load_ogg_vorbis              [   0.18178] Loading sample S31-Night Prowler.ogg.
stdio    D         file_stdio.c:110  file_stdio_fopen                 [   0.18178] opening S31-Night Prowler.ogg rb
acodec   D                ogg.c:263  _al_load_ogg_vorbis_f            [   0.18220] channels 2
acodec   D                ogg.c:264  _al_load_ogg_vorbis_f            [   0.18220] word_size 2
acodec   D                ogg.c:265  _al_load_ogg_vorbis_f            [   0.18221] rate 44100
acodec   D                ogg.c:266  _al_load_ogg_vorbis_f            [   0.18221] total_samples 6735120
acodec   D                ogg.c:267  _al_load_ogg_vorbis_f            [   0.18221] total_size 26940480
dtor     D               dtor.c:196  _al_register_destructor          [   0.44821] added dtor for sample 0000000004D91340, func 0000000061BEB67C
audio    D          kcm_mixer.c:121  _al_rechannel_matrix             [   0.44945] sample matrix:
audio    D          kcm_mixer.c:127  _al_rechannel_matrix             [   0.44946]  0.707107 0.000000
audio    D          kcm_mixer.c:127  _al_rechannel_matrix             [   0.44946]  0.000000 0.707107
d3d      D         d3d_disp.cpp:1188 real_choose_bitmap_format        [   0.45484] Fake format
d3d      D         d3d_disp.cpp:1188 real_choose_bitmap_format        [   0.45485] Fake format
d3d      D         d3d_disp.cpp:1188 real_choose_bitmap_format        [   0.45486] Fake format
d3d      D         d3d_disp.cpp:1188 real_choose_bitmap_format        [   0.45486] Fake format
d3d      D         d3d_disp.cpp:1188 real_choose_bitmap_format        [   0.45486] Fake format
d3d      D         d3d_disp.cpp:1188 real_choose_bitmap_format        [   0.45487] Fake format
d3d      D         d3d_disp.cpp:1188 real_choose_bitmap_format        [   0.45487] Fake format
d3d      D         d3d_disp.cpp:1188 real_choose_bitmap_format        [   0.45487] Fake format
d3d      D         d3d_disp.cpp:1188 real_choose_bitmap_format        [   0.45487] Fake format
d3d      D         d3d_disp.cpp:1196 real_choose_bitmap_format        [   0.45488] Alpha doesn't match
d3d      D         d3d_disp.cpp:1203 real_choose_bitmap_format        [   0.45488] Adapter format is 23
d3d      D         d3d_disp.cpp:1206 real_choose_bitmap_format        [   0.45489] Found a format
d3d      I         d3d_disp.cpp:2377 d3d_create_bitmap                [   0.45489] Chose bitmap format 9
font     D                ttf.c:238  alloc_glyph_region               [   0.45498] Glyph 53: 31x25 (32x28)
font     D                ttf.c:282  alloc_glyph_region               [   0.45499] Locking glyph region: 0000000004D83890 0 0 32 28
font     D                ttf.c:166  unlock_current_page              [   0.45552] Unlocking page: 0000000004D83890
font     D                ttf.c:238  alloc_glyph_region               [   0.45561] Glyph 82: 28x25 (28x28)
font     D                ttf.c:282  alloc_glyph_region               [   0.45562] Locking glyph region: 0000000004D83890 32 0 28 28
font     D                ttf.c:166  unlock_current_page              [   0.45563] Unlocking page: 0000000004D83890
font     D                ttf.c:238  alloc_glyph_region               [   0.45569] Glyph 67: 35x25 (36x28)
font     D                ttf.c:282  alloc_glyph_region               [   0.45570] Locking glyph region: 0000000004D83890 60 0 36 28
font     D                ttf.c:166  unlock_current_page              [   0.45571] Unlocking page: 0000000004D83890
font     D                ttf.c:238  alloc_glyph_region               [   0.45578] Glyph 69: 29x25 (32x28)
font     D                ttf.c:282  alloc_glyph_region               [   0.45579] Locking glyph region: 0000000004D83890 96 0 32 28
font     D                ttf.c:166  unlock_current_page              [   0.45580] Unlocking page: 0000000004D83890
font     D                ttf.c:238  alloc_glyph_region               [   0.45588] Glyph 71: 26x25 (28x28)
font     D                ttf.c:282  alloc_glyph_region               [   0.45588] Locking glyph region: 0000000004D83890 128 0 28 28
font     D                ttf.c:166  unlock_current_page              [   0.45589] Unlocking page: 0000000004D83890
font     D                ttf.c:440  cache_glyph                      [   0.45590] Glyph 2 has zero size.
font     D                ttf.c:238  alloc_glyph_region               [   0.45597] Glyph 74: 30x25 (32x28)
font     D                ttf.c:282  alloc_glyph_region               [   0.45598] Locking glyph region: 0000000004D83890 156 0 32 28
font     D                ttf.c:166  unlock_current_page              [   0.45599] Unlocking page: 0000000004D83890
font     D                ttf.c:238  alloc_glyph_region               [   0.45606] Glyph 81: 32x25 (32x28)
font     D                ttf.c:282  alloc_glyph_region               [   0.45607] Locking glyph region: 0000000004D83890 188 0 32 28
font     D                ttf.c:166  unlock_current_page              [   0.45608] Unlocking page: 0000000004D83890
font     D                ttf.c:238  alloc_glyph_region               [   0.45614] Glyph 86: 31x25 (32x28)
font     D                ttf.c:282  alloc_glyph_region               [   0.45614] Locking glyph region: 0000000004D83890 220 0 32 28
font     D                ttf.c:166  unlock_current_page              [   0.45616] Unlocking page: 0000000004D83890
font     D                ttf.c:238  alloc_glyph_region               [   0.45623] Glyph 84: 29x25 (32x28)
font     D                ttf.c:282  alloc_glyph_region               [   0.45624] Locking glyph region: 0000000004D83890 252 0 32 28
font     D                ttf.c:166  unlock_current_page              [   0.45625] Unlocking page: 0000000004D83890
d3d      D         d3d_disp.cpp:1188 real_choose_bitmap_format        [   0.45640] Fake format
d3d      D         d3d_disp.cpp:1188 real_choose_bitmap_format        [   0.45641] Fake format
d3d      D         d3d_disp.cpp:1188 real_choose_bitmap_format        [   0.45641] Fake format
d3d      D         d3d_disp.cpp:1188 real_choose_bitmap_format        [   0.45642] Fake format
d3d      D         d3d_disp.cpp:1188 real_choose_bitmap_format        [   0.45642] Fake format
d3d      D         d3d_disp.cpp:1188 real_choose_bitmap_format        [   0.45642] Fake format
d3d      D         d3d_disp.cpp:1188 real_choose_bitmap_format        [   0.45643] Fake format
d3d      D         d3d_disp.cpp:1188 real_choose_bitmap_format        [   0.45643] Fake format
d3d      D         d3d_disp.cpp:1188 real_choose_bitmap_format        [   0.45643] Fake format
d3d      D         d3d_disp.cpp:1196 real_choose_bitmap_format        [   0.45644] Alpha doesn't match
d3d      D         d3d_disp.cpp:1203 real_choose_bitmap_format        [   0.45644] Adapter format is 23
d3d      D         d3d_disp.cpp:1206 real_choose_bitmap_format        [   0.45644] Found a format
d3d      I         d3d_disp.cpp:2377 d3d_create_bitmap                [   0.45645] Chose bitmap format 9
font     D                ttf.c:238  alloc_glyph_region               [   0.45652] Glyph 50: 22x19 (24x20)
font     D                ttf.c:282  alloc_glyph_region               [   0.45652] Locking glyph region: 0000000004DAF200 0 0 24 20
font     D                ttf.c:166  unlock_current_page              [   0.45704] Unlocking page: 0000000004DAF200
font     D                ttf.c:238  alloc_glyph_region               [   0.45713] Glyph 84: 23x19 (24x20)
font     D                ttf.c:282  alloc_glyph_region               [   0.45714] Locking glyph region: 0000000004DAF200 24 0 24 20
font     D                ttf.c:166  unlock_current_page              [   0.45716] Unlocking page: 0000000004DAF200
font     D                ttf.c:238  alloc_glyph_region               [   0.45724] Glyph 71: 20x19 (20x20)
font     D                ttf.c:282  alloc_glyph_region               [   0.45724] Locking glyph region: 0000000004DAF200 48 0 20 20
font     D                ttf.c:166  unlock_current_page              [   0.45726] Unlocking page: 0000000004DAF200
font     D                ttf.c:238  alloc_glyph_region               [   0.45735] Glyph 85: 23x19 (24x20)
font     D                ttf.c:282  alloc_glyph_region               [   0.45735] Locking glyph region: 0000000004DAF200 68 0 24 20
font     D                ttf.c:166  unlock_current_page              [   0.45737] Unlocking page: 0000000004DAF200
font     D                ttf.c:440  cache_glyph                      [   0.45738] Glyph 2 has zero size.
font     D                ttf.c:238  alloc_glyph_region               [   0.45744] Glyph 80: 25x19 (28x20)
font     D                ttf.c:282  alloc_glyph_region               [   0.45744] Locking glyph region: 0000000004DAF200 92 0 28 20
font     D                ttf.c:166  unlock_current_page              [   0.45745] Unlocking page: 0000000004DAF200
font     D                ttf.c:238  alloc_glyph_region               [   0.45751] Glyph 86: 24x19 (24x20)
font     D                ttf.c:282  alloc_glyph_region               [   0.45751] Locking glyph region: 0000000004DAF200 120 0 24 20
font     D                ttf.c:166  unlock_current_page              [   0.45753] Unlocking page: 0000000004DAF200
font     D                ttf.c:238  alloc_glyph_region               [   0.45760] Glyph 77: 22x19 (24x20)
font     D                ttf.c:282  alloc_glyph_region               [   0.45761] Locking glyph region: 0000000004DAF200 144 0 24 20
font     D                ttf.c:166  unlock_current_page              [   0.45762] Unlocking page: 0000000004DAF200
font     D                ttf.c:238  alloc_glyph_region               [   0.45767] Glyph 91: 27x19 (28x20)
font     D                ttf.c:282  alloc_glyph_region               [   0.45768] Locking glyph region: 0000000004DAF200 168 0 28 20
font     D                ttf.c:166  unlock_current_page              [   0.45769] Unlocking page: 0000000004DAF200
font     D                ttf.c:238  alloc_glyph_region               [   0.45776] Glyph 81: 25x19 (28x20)
font     D                ttf.c:282  alloc_glyph_region               [   0.45777] Locking glyph region: 0000000004DAF200 196 0 28 20
font     D                ttf.c:166  unlock_current_page              [   0.45778] Unlocking page: 0000000004DAF200
font     D                ttf.c:238  alloc_glyph_region               [   0.45784] Glyph 67: 27x19 (28x20)
font     D                ttf.c:282  alloc_glyph_region               [   0.45784] Locking glyph region: 0000000004DAF200 224 0 28 20
font     D                ttf.c:166  unlock_current_page              [   0.45785] Unlocking page: 0000000004DAF200
d3d      D          d3d_bmp.cpp:539  _al_d3d_sync_bitmap              [   0.45882] _al_d3d_sync_bitmap (system) ref count == 1
d3d      D          d3d_bmp.cpp:545  _al_d3d_sync_bitmap              [   0.45883] _al_d3d_sync_bitmap (video) ref count == 1
d3d      D          d3d_bmp.cpp:539  _al_d3d_sync_bitmap              [   0.46043] _al_d3d_sync_bitmap (system) ref count == 1
d3d      D          d3d_bmp.cpp:545  _al_d3d_sync_bitmap              [   0.46044] _al_d3d_sync_bitmap (video) ref count == 1
d3d      D          d3d_bmp.cpp:539  _al_d3d_sync_bitmap              [   0.46065] _al_d3d_sync_bitmap (system) ref count == 1
d3d      D          d3d_bmp.cpp:545  _al_d3d_sync_bitmap              [   0.46066] _al_d3d_sync_bitmap (video) ref count == 1
d3d      D          d3d_bmp.cpp:539  _al_d3d_sync_bitmap              [   0.46085] _al_d3d_sync_bitmap (system) ref count == 1
d3d      D          d3d_bmp.cpp:545  _al_d3d_sync_bitmap              [   0.46086] _al_d3d_sync_bitmap (video) ref count == 1
d3d      D          d3d_bmp.cpp:539  _al_d3d_sync_bitmap              [   0.46215] _al_d3d_sync_bitmap (system) ref count == 1
d3d      D          d3d_bmp.cpp:545  _al_d3d_sync_bitmap              [   0.46216] _al_d3d_sync_bitmap (video) ref count == 1
dtor     D               dtor.c:227  _al_unregister_destructor        [   2.56857] removed dtor for sample 0000000004D91340
dtor     D               dtor.c:227  _al_unregister_destructor        [   2.57047] removed dtor for bitmap 0000000004E62750
dtor     D               dtor.c:227  _al_unregister_destructor        [   2.57083] removed dtor for bitmap 0000000004D85660
dtor     D               dtor.c:227  _al_unregister_destructor        [   2.57085] removed dtor for bitmap 0000000004D86E90
stdio    D         file_stdio.c:110  file_stdio_fopen                 [   2.57628] opening start-bg.jpg rb
d3d      D         d3d_disp.cpp:1188 real_choose_bitmap_format        [   2.57780] Fake format
d3d      D         d3d_disp.cpp:1188 real_choose_bitmap_format        [   2.57780] Fake format
d3d      D         d3d_disp.cpp:1188 real_choose_bitmap_format        [   2.57781] Fake format
d3d      D         d3d_disp.cpp:1188 real_choose_bitmap_format        [   2.57781] Fake format
d3d      D         d3d_disp.cpp:1188 real_choose_bitmap_format        [   2.57781] Fake format
d3d      D         d3d_disp.cpp:1188 real_choose_bitmap_format        [   2.57782] Fake format
d3d      D         d3d_disp.cpp:1188 real_choose_bitmap_format        [   2.57782] Fake format
d3d      D         d3d_disp.cpp:1188 real_choose_bitmap_format        [   2.57782] Fake format
d3d      D         d3d_disp.cpp:1188 real_choose_bitmap_format        [   2.57783] Fake format
d3d      D         d3d_disp.cpp:1196 real_choose_bitmap_format        [   2.57783] Alpha doesn't match
d3d      D         d3d_disp.cpp:1203 real_choose_bitmap_format        [   2.57783] Adapter format is 23
d3d      D         d3d_disp.cpp:1206 real_choose_bitmap_format        [   2.57784] Found a format
d3d      I         d3d_disp.cpp:2377 d3d_create_bitmap                [   2.57784] Chose bitmap format 9
dtor     D               dtor.c:196  _al_register_destructor          [   2.57795] added dtor for bitmap 0000000004D9C8A0, func 0000000061AC1BC7
d3d      D         d3d_disp.cpp:1188 real_choose_bitmap_format        [   2.58679] Fake format
d3d      D         d3d_disp.cpp:1188 real_choose_bitmap_format        [   2.58680] Fake format
d3d      D         d3d_disp.cpp:1188 real_choose_bitmap_format        [   2.58680] Fake format
d3d      D         d3d_disp.cpp:1188 real_choose_bitmap_format        [   2.58680] Fake format
d3d      D         d3d_disp.cpp:1188 real_choose_bitmap_format        [   2.58681] Fake format
d3d      D         d3d_disp.cpp:1188 real_choose_bitmap_format        [   2.58681] Fake format
d3d      D         d3d_disp.cpp:1188 real_choose_bitmap_format        [   2.58681] Fake format
d3d      D         d3d_disp.cpp:1188 real_choose_bitmap_format        [   2.58682] Fake format
d3d      D         d3d_disp.cpp:1188 real_choose_bitmap_format        [   2.58682] Fake format
d3d      D         d3d_disp.cpp:1196 real_choose_bitmap_format        [   2.58682] Alpha doesn't match
d3d      D         d3d_disp.cpp:1203 real_choose_bitmap_format        [   2.58683] Adapter format is 23
d3d      D         d3d_disp.cpp:1206 real_choose_bitmap_format        [   2.58683] Found a format
d3d      I         d3d_disp.cpp:2377 d3d_create_bitmap                [   2.58684] Chose bitmap format 9
dtor     D               dtor.c:196  _al_register_destructor          [   2.58692] added dtor for bitmap 0000000004E62750, func 0000000061AC1BC7
dtor     D               dtor.c:227  _al_unregister_destructor        [   2.58696] removed dtor for bitmap 0000000004D9C8A0
stdio    D         file_stdio.c:110  file_stdio_fopen                 [   2.59277] opening plane.png rb
d3d      D         d3d_disp.cpp:1188 real_choose_bitmap_format        [   2.59285] Fake format
d3d      D         d3d_disp.cpp:1188 real_choose_bitmap_format        [   2.59286] Fake format
d3d      D         d3d_disp.cpp:1188 real_choose_bitmap_format        [   2.59287] Fake format
d3d      D         d3d_disp.cpp:1188 real_choose_bitmap_format        [   2.59287] Fake format
d3d      D         d3d_disp.cpp:1188 real_choose_bitmap_format        [   2.59288] Fake format
d3d      D         d3d_disp.cpp:1188 real_choose_bitmap_format        [   2.59288] Fake format
d3d      D         d3d_disp.cpp:1188 real_choose_bitmap_format        [   2.59288] Fake format
d3d      D         d3d_disp.cpp:1188 real_choose_bitmap_format        [   2.59288] Fake format
d3d      D         d3d_disp.cpp:1188 real_choose_bitmap_format        [   2.59289] Fake format
d3d      D         d3d_disp.cpp:1196 real_choose_bitmap_format        [   2.59289] Alpha doesn't match
d3d      D         d3d_disp.cpp:1203 real_choose_bitmap_format        [   2.59289] Adapter format is 23
d3d      D         d3d_disp.cpp:1206 real_choose_bitmap_format        [   2.59290] Found a format
d3d      I         d3d_disp.cpp:2377 d3d_create_bitmap                [   2.59290] Chose bitmap format 9
dtor     D               dtor.c:196  _al_register_destructor          [   2.59298] added dtor for bitmap 0000000004DB1D30, func 0000000061AC1BC7
stdio    D         file_stdio.c:110  file_stdio_fopen                 [   2.59613] opening rocket-4.png rb
d3d      D         d3d_disp.cpp:1188 real_choose_bitmap_format        [   2.59620] Fake format
d3d      D         d3d_disp.cpp:1188 real_choose_bitmap_format        [   2.59621] Fake format
d3d      D         d3d_disp.cpp:1188 real_choose_bitmap_format        [   2.59621] Fake format
d3d      D         d3d_disp.cpp:1188 real_choose_bitmap_format        [   2.59621] Fake format
d3d      D         d3d_disp.cpp:1188 real_choose_bitmap_format        [   2.59622] Fake format
d3d      D         d3d_disp.cpp:1188 real_choose_bitmap_format        [   2.59622] Fake format
d3d      D         d3d_disp.cpp:1188 real_choose_bitmap_format        [   2.59622] Fake format
d3d      D         d3d_disp.cpp:1188 real_choose_bitmap_format        [   2.59623] Fake format
d3d      D         d3d_disp.cpp:1188 real_choose_bitmap_format        [   2.59623] Fake format
d3d      D         d3d_disp.cpp:1196 real_choose_bitmap_format        [   2.59623] Alpha doesn't match
d3d      D         d3d_disp.cpp:1203 real_choose_bitmap_format        [   2.59624] Adapter format is 23
d3d      D         d3d_disp.cpp:1206 real_choose_bitmap_format        [   2.59624] Found a format
d3d      I         d3d_disp.cpp:2377 d3d_create_bitmap                [   2.59624] Chose bitmap format 9
dtor     D               dtor.c:196  _al_register_destructor          [   2.59631] added dtor for bitmap 0000000004DB2020, func 0000000061AC1BC7
stdio    D         file_stdio.c:110  file_stdio_fopen                 [   2.59934] opening image12.png rb
d3d      D         d3d_disp.cpp:1188 real_choose_bitmap_format        [   2.59940] Fake format
d3d      D         d3d_disp.cpp:1188 real_choose_bitmap_format        [   2.59941] Fake format
d3d      D         d3d_disp.cpp:1188 real_choose_bitmap_format        [   2.59941] Fake format
d3d      D         d3d_disp.cpp:1188 real_choose_bitmap_format        [   2.59941] Fake format
d3d      D         d3d_disp.cpp:1188 real_choose_bitmap_format        [   2.59942] Fake format
d3d      D         d3d_disp.cpp:1188 real_choose_bitmap_format        [   2.59942] Fake format
d3d      D         d3d_disp.cpp:1188 real_choose_bitmap_format        [   2.59942] Fake format
d3d      D         d3d_disp.cpp:1188 real_choose_bitmap_format        [   2.59942] Fake format
d3d      D         d3d_disp.cpp:1188 real_choose_bitmap_format        [   2.59943] Fake format
d3d      D         d3d_disp.cpp:1196 real_choose_bitmap_format        [   2.59943] Alpha doesn't match
d3d      D         d3d_disp.cpp:1203 real_choose_bitmap_format        [   2.59943] Adapter format is 23
d3d      D         d3d_disp.cpp:1206 real_choose_bitmap_format        [   2.59944] Found a format
d3d      I         d3d_disp.cpp:2377 d3d_create_bitmap                [   2.59944] Chose bitmap format 9
dtor     D               dtor.c:196  _al_register_destructor          [   2.59949] added dtor for bitmap 0000000004D9C450, func 0000000061AC1BC7
stdio    D         file_stdio.c:110  file_stdio_fopen                 [   2.59960] opening rocket-1.png rb
d3d      D         d3d_disp.cpp:1188 real_choose_bitmap_format        [   2.59965] Fake format
d3d      D         d3d_disp.cpp:1188 real_choose_bitmap_format        [   2.59965] Fake format
d3d      D         d3d_disp.cpp:1188 real_choose_bitmap_format        [   2.59966] Fake format
d3d      D         d3d_disp.cpp:1188 real_choose_bitmap_format        [   2.59966] Fake format
d3d      D         d3d_disp.cpp:1188 real_choose_bitmap_format        [   2.59966] Fake format
d3d      D         d3d_disp.cpp:1188 real_choose_bitmap_format        [   2.59967] Fake format
d3d      D         d3d_disp.cpp:1188 real_choose_bitmap_format        [   2.59967] Fake format
d3d      D         d3d_disp.cpp:1188 real_choose_bitmap_format        [   2.59967] Fake format
d3d      D         d3d_disp.cpp:1188 real_choose_bitmap_format        [   2.59968] Fake format
d3d      D         d3d_disp.cpp:1196 real_choose_bitmap_format        [   2.59968] Alpha doesn't match
d3d      D         d3d_disp.cpp:1203 real_choose_bitmap_format        [   2.59968] Adapter format is 23
d3d      D         d3d_disp.cpp:1206 real_choose_bitmap_format        [   2.59969] Found a format
d3d      I         d3d_disp.cpp:2377 d3d_create_bitmap                [   2.59969] Chose bitmap format 9
dtor     D               dtor.c:196  _al_register_destructor          [   2.59973] added dtor for bitmap 0000000004D87F00, func 0000000061AC1BC7
acodec   I                ogg.c:204  _al_load_ogg_vorbis              [   2.59987] Loading sample mythica.ogg.
stdio    D         file_stdio.c:110  file_stdio_fopen                 [   2.59987] opening mythica.ogg rb
acodec   D                ogg.c:263  _al_load_ogg_vorbis_f            [   2.60024] channels 2
acodec   D                ogg.c:264  _al_load_ogg_vorbis_f            [   2.60024] word_size 2
acodec   D                ogg.c:265  _al_load_ogg_vorbis_f            [   2.60025] rate 44100
acodec   D                ogg.c:266  _al_load_ogg_vorbis_f            [   2.60025] total_samples 13762560
acodec   D                ogg.c:267  _al_load_ogg_vorbis_f            [   2.60025] total_size 55050240
dtor     D               dtor.c:196  _al_register_destructor          [   3.13463] added dtor for sample 0000000004D90890, func 0000000061BEB67C
d3d      D          d3d_bmp.cpp:539  _al_d3d_sync_bitmap              [   3.14713] _al_d3d_sync_bitmap (system) ref count == 1
d3d      D          d3d_bmp.cpp:545  _al_d3d_sync_bitmap              [   3.14714] _al_d3d_sync_bitmap (video) ref count == 1
d3d      D          d3d_bmp.cpp:539  _al_d3d_sync_bitmap              [   3.14881] _al_d3d_sync_bitmap (system) ref count == 1
d3d      D          d3d_bmp.cpp:545  _al_d3d_sync_bitmap              [   3.14882] _al_d3d_sync_bitmap (video) ref count == 1
d3d      D          d3d_bmp.cpp:539  _al_d3d_sync_bitmap              [   3.14906] _al_d3d_sync_bitmap (system) ref count == 1
d3d      D          d3d_bmp.cpp:545  _al_d3d_sync_bitmap              [   3.14907] _al_d3d_sync_bitmap (video) ref count == 1
d3d      D          d3d_bmp.cpp:539  _al_d3d_sync_bitmap              [   3.14949] _al_d3d_sync_bitmap (system) ref count == 1
d3d      D          d3d_bmp.cpp:545  _al_d3d_sync_bitmap              [   3.14950] _al_d3d_sync_bitmap (video) ref count == 1
d3d      D          d3d_bmp.cpp:539  _al_d3d_sync_bitmap              [   3.14967] _al_d3d_sync_bitmap (system) ref count == 1
d3d      D          d3d_bmp.cpp:545  _al_d3d_sync_bitmap              [   3.14968] _al_d3d_sync_bitmap (video) ref count == 1
dtor     D               dtor.c:227  _al_unregister_destructor        [   4.68177] removed dtor for bitmap 0000000004E62750
dtor     D               dtor.c:227  _al_unregister_destructor        [   4.68232] removed dtor for bitmap 0000000004DB1D30
dtor     D               dtor.c:227  _al_unregister_destructor        [   4.68235] removed dtor for bitmap 0000000004DB2020
dtor     D               dtor.c:227  _al_unregister_destructor        [   4.68240] removed dtor for sample 0000000004D90890
dtor     D               dtor.c:227  _al_unregister_destructor        [   4.68630] removed dtor for bitmap 0000000004D9C450
stdio    D         file_stdio.c:110  file_stdio_fopen                 [   4.69469] opening main-bg.jpg rb
d3d      D         d3d_disp.cpp:1188 real_choose_bitmap_format        [   4.69796] Fake format
d3d      D         d3d_disp.cpp:1188 real_choose_bitmap_format        [   4.69797] Fake format
d3d      D         d3d_disp.cpp:1188 real_choose_bitmap_format        [   4.69797] Fake format
d3d      D         d3d_disp.cpp:1188 real_choose_bitmap_format        [   4.69798] Fake format
d3d      D         d3d_disp.cpp:1188 real_choose_bitmap_format        [   4.69798] Fake format
d3d      D         d3d_disp.cpp:1188 real_choose_bitmap_format        [   4.69798] Fake format
d3d      D         d3d_disp.cpp:1188 real_choose_bitmap_format        [   4.69799] Fake format
d3d      D         d3d_disp.cpp:1188 real_choose_bitmap_format        [   4.69799] Fake format
d3d      D         d3d_disp.cpp:1188 real_choose_bitmap_format        [   4.69799] Fake format
d3d      D         d3d_disp.cpp:1196 real_choose_bitmap_format        [   4.69800] Alpha doesn't match
d3d      D         d3d_disp.cpp:1203 real_choose_bitmap_format        [   4.69800] Adapter format is 23
d3d      D         d3d_disp.cpp:1206 real_choose_bitmap_format        [   4.69801] Found a format
d3d      I         d3d_disp.cpp:2377 d3d_create_bitmap                [   4.69801] Chose bitmap format 9
dtor     D               dtor.c:196  _al_register_destructor          [   4.69812] added dtor for bitmap 0000000004DAB0F0, func 0000000061AC1BC7
d3d      D         d3d_disp.cpp:1188 real_choose_bitmap_format        [   4.70794] Fake format
d3d      D         d3d_disp.cpp:1188 real_choose_bitmap_format        [   4.70795] Fake format
d3d      D         d3d_disp.cpp:1188 real_choose_bitmap_format        [   4.70796] Fake format
d3d      D         d3d_disp.cpp:1188 real_choose_bitmap_format        [   4.70796] Fake format
d3d      D         d3d_disp.cpp:1188 real_choose_bitmap_format        [   4.70796] Fake format
d3d      D         d3d_disp.cpp:1188 real_choose_bitmap_format        [   4.70797] Fake format
d3d      D         d3d_disp.cpp:1188 real_choose_bitmap_format        [   4.70797] Fake format
d3d      D         d3d_disp.cpp:1188 real_choose_bitmap_format        [   4.70797] Fake format
d3d      D         d3d_disp.cpp:1188 real_choose_bitmap_format        [   4.70798] Fake format
d3d      D         d3d_disp.cpp:1196 real_choose_bitmap_format        [   4.70798] Alpha doesn't match
d3d      D         d3d_disp.cpp:1203 real_choose_bitmap_format        [   4.70798] Adapter format is 23
d3d      D         d3d_disp.cpp:1206 real_choose_bitmap_format        [   4.70799] Found a format
d3d      I         d3d_disp.cpp:2377 d3d_create_bitmap                [   4.70799] Chose bitmap format 9
dtor     D               dtor.c:196  _al_register_destructor          [   4.70809] added dtor for bitmap 0000000004E62750, func 0000000061AC1BC7
dtor     D               dtor.c:227  _al_unregister_destructor        [   4.70811] removed dtor for bitmap 0000000004DAB0F0
stdio    D         file_stdio.c:110  file_stdio_fopen                 [   4.71420] opening settings.png rb
d3d      D         d3d_disp.cpp:1188 real_choose_bitmap_format        [   4.71429] Fake format
d3d      D         d3d_disp.cpp:1188 real_choose_bitmap_format        [   4.71429] Fake format
d3d      D         d3d_disp.cpp:1188 real_choose_bitmap_format        [   4.71429] Fake format
d3d      D         d3d_disp.cpp:1188 real_choose_bitmap_format        [   4.71430] Fake format
d3d      D         d3d_disp.cpp:1188 real_choose_bitmap_format        [   4.71430] Fake format
d3d      D         d3d_disp.cpp:1188 real_choose_bitmap_format        [   4.71431] Fake format
d3d      D         d3d_disp.cpp:1188 real_choose_bitmap_format        [   4.71431] Fake format
d3d      D         d3d_disp.cpp:1188 real_choose_bitmap_format        [   4.71431] Fake format
d3d      D         d3d_disp.cpp:1188 real_choose_bitmap_format        [   4.71432] Fake format
d3d      D         d3d_disp.cpp:1196 real_choose_bitmap_format        [   4.71432] Alpha doesn't match
d3d      D         d3d_disp.cpp:1203 real_choose_bitmap_format        [   4.71432] Adapter format is 23
d3d      D         d3d_disp.cpp:1206 real_choose_bitmap_format        [   4.71433] Found a format
d3d      I         d3d_disp.cpp:2377 d3d_create_bitmap                [   4.71433] Chose bitmap format 9
dtor     D               dtor.c:196  _al_register_destructor          [   4.71442] added dtor for bitmap 0000000004DE67C0, func 0000000061AC1BC7
stdio    D         file_stdio.c:110  file_stdio_fopen                 [   4.71452] opening settings2.png rb
d3d      D         d3d_disp.cpp:1188 real_choose_bitmap_format        [   4.71457] Fake format
d3d      D         d3d_disp.cpp:1188 real_choose_bitmap_format        [   4.71457] Fake format
d3d      D         d3d_disp.cpp:1188 real_choose_bitmap_format        [   4.71458] Fake format
d3d      D         d3d_disp.cpp:1188 real_choose_bitmap_format        [   4.71458] Fake format
d3d      D         d3d_disp.cpp:1188 real_choose_bitmap_format        [   4.71458] Fake format
d3d      D         d3d_disp.cpp:1188 real_choose_bitmap_format        [   4.71459] Fake format
d3d      D         d3d_disp.cpp:1188 real_choose_bitmap_format        [   4.71459] Fake format
d3d      D         d3d_disp.cpp:1188 real_choose_bitmap_format        [   4.71459] Fake format
d3d      D         d3d_disp.cpp:1188 real_choose_bitmap_format        [   4.71459] Fake format
d3d      D         d3d_disp.cpp:1196 real_choose_bitmap_format        [   4.71460] Alpha doesn't match
d3d      D         d3d_disp.cpp:1203 real_choose_bitmap_format        [   4.71460] Adapter format is 23
d3d      D         d3d_disp.cpp:1206 real_choose_bitmap_format        [   4.71460] Found a format
d3d      I         d3d_disp.cpp:2377 d3d_create_bitmap                [   4.71461] Chose bitmap format 9
dtor     D               dtor.c:196  _al_register_destructor          [   4.71465] added dtor for bitmap 0000000004DE6B20, func 0000000061AC1BC7
acodec   I                ogg.c:204  _al_load_ogg_vorbis              [   4.71473] Loading sample S31-Night Prowler.ogg.
stdio    D         file_stdio.c:110  file_stdio_fopen                 [   4.71474] opening S31-Night Prowler.ogg rb
acodec   D                ogg.c:263  _al_load_ogg_vorbis_f            [   4.71509] channels 2
acodec   D                ogg.c:264  _al_load_ogg_vorbis_f            [   4.71509] word_size 2
acodec   D                ogg.c:265  _al_load_ogg_vorbis_f            [   4.71510] rate 44100
acodec   D                ogg.c:266  _al_load_ogg_vorbis_f            [   4.71510] total_samples 6735120
acodec   D                ogg.c:267  _al_load_ogg_vorbis_f            [   4.71510] total_size 26940480
dtor     D               dtor.c:196  _al_register_destructor          [   4.95679] added dtor for sample 0000000004D90F80, func 0000000061BEB67C
d3d      D          d3d_bmp.cpp:539  _al_d3d_sync_bitmap              [   4.96696] _al_d3d_sync_bitmap (system) ref count == 1
d3d      D          d3d_bmp.cpp:545  _al_d3d_sync_bitmap              [   4.96698] _al_d3d_sync_bitmap (video) ref count == 1
d3d      D          d3d_bmp.cpp:539  _al_d3d_sync_bitmap              [   4.97016] _al_d3d_sync_bitmap (system) ref count == 1
d3d      D          d3d_bmp.cpp:545  _al_d3d_sync_bitmap              [   4.97017] _al_d3d_sync_bitmap (video) ref count == 1
d3d      D          d3d_bmp.cpp:539  _al_d3d_sync_bitmap              [   4.97047] _al_d3d_sync_bitmap (system) ref count == 1
d3d      D          d3d_bmp.cpp:545  _al_d3d_sync_bitmap              [   4.97051] _al_d3d_sync_bitmap (video) ref count == 1
dtor     D               dtor.c:227  _al_unregister_destructor        [   5.63609] removed dtor for sample 0000000004D90F80
dtor     D               dtor.c:227  _al_unregister_destructor        [   5.63792] removed dtor for bitmap 0000000004E62750
dtor     D               dtor.c:227  _al_unregister_destructor        [   5.63843] removed dtor for bitmap 0000000004DE67C0
dtor     D               dtor.c:227  _al_unregister_destructor        [   5.63847] removed dtor for bitmap 0000000004DE6B20
stdio    D         file_stdio.c:110  file_stdio_fopen                 [   5.64533] opening start-bg.jpg rb
d3d      D         d3d_disp.cpp:1188 real_choose_bitmap_format        [   5.64691] Fake format
d3d      D         d3d_disp.cpp:1188 real_choose_bitmap_format        [   5.64694] Fake format
d3d      D         d3d_disp.cpp:1188 real_choose_bitmap_format        [   5.64694] Fake format
d3d      D         d3d_disp.cpp:1188 real_choose_bitmap_format        [   5.64696] Fake format
d3d      D         d3d_disp.cpp:1188 real_choose_bitmap_format        [   5.64696] Fake format
d3d      D         d3d_disp.cpp:1188 real_choose_bitmap_format        [   5.64697] Fake format
d3d      D         d3d_disp.cpp:1188 real_choose_bitmap_format        [   5.64697] Fake format
d3d      D         d3d_disp.cpp:1188 real_choose_bitmap_format        [   5.64697] Fake format
d3d      D         d3d_disp.cpp:1188 real_choose_bitmap_format        [   5.64698] Fake format
d3d      D         d3d_disp.cpp:1196 real_choose_bitmap_format        [   5.64698] Alpha doesn't match
d3d      D         d3d_disp.cpp:1203 real_choose_bitmap_format        [   5.64698] Adapter format is 23
d3d      D         d3d_disp.cpp:1206 real_choose_bitmap_format        [   5.64699] Found a format
d3d      I         d3d_disp.cpp:2377 d3d_create_bitmap                [   5.64699] Chose bitmap format 9
dtor     D               dtor.c:196  _al_register_destructor          [   5.64709] added dtor for bitmap 0000000004E62750, func 0000000061AC1BC7
d3d      D         d3d_disp.cpp:1188 real_choose_bitmap_format        [   5.65638] Fake format
d3d      D         d3d_disp.cpp:1188 real_choose_bitmap_format        [   5.65639] Fake format
d3d      D         d3d_disp.cpp:1188 real_choose_bitmap_format        [   5.65640] Fake format
d3d      D         d3d_disp.cpp:1188 real_choose_bitmap_format        [   5.65640] Fake format
d3d      D         d3d_disp.cpp:1188 real_choose_bitmap_format        [   5.65640] Fake format
d3d      D         d3d_disp.cpp:1188 real_choose_bitmap_format        [   5.65641] Fake format
d3d      D         d3d_disp.cpp:1188 real_choose_bitmap_format        [   5.65641] Fake format
d3d      D         d3d_disp.cpp:1188 real_choose_bitmap_format        [   5.65641] Fake format
d3d      D         d3d_disp.cpp:1188 real_choose_bitmap_format        [   5.65642] Fake format
d3d      D         d3d_disp.cpp:1196 real_choose_bitmap_format        [   5.65642] Alpha doesn't match
d3d      D         d3d_disp.cpp:1203 real_choose_bitmap_format        [   5.65642] Adapter format is 23
d3d      D         d3d_disp.cpp:1206 real_choose_bitmap_format        [   5.65643] Found a format
d3d      I         d3d_disp.cpp:2377 d3d_create_bitmap                [   5.65643] Chose bitmap format 9
dtor     D               dtor.c:196  _al_register_destructor          [   5.65653] added dtor for bitmap 0000000004D88090, func 0000000061AC1BC7
dtor     D               dtor.c:227  _al_unregister_destructor        [   5.65656] removed dtor for bitmap 0000000004E62750
stdio    D         file_stdio.c:110  file_stdio_fopen                 [   5.66311] opening plane.png rb
d3d      D         d3d_disp.cpp:1188 real_choose_bitmap_format        [   5.66329] Fake format
d3d      D         d3d_disp.cpp:1188 real_choose_bitmap_format        [   5.66330] Fake format
d3d      D         d3d_disp.cpp:1188 real_choose_bitmap_format        [   5.66330] Fake format
d3d      D         d3d_disp.cpp:1188 real_choose_bitmap_format        [   5.66331] Fake format
d3d      D         d3d_disp.cpp:1188 real_choose_bitmap_format        [   5.66331] Fake format
d3d      D         d3d_disp.cpp:1188 real_choose_bitmap_format        [   5.66332] Fake format
d3d      D         d3d_disp.cpp:1188 real_choose_bitmap_format        [   5.66332] Fake format
d3d      D         d3d_disp.cpp:1188 real_choose_bitmap_format        [   5.66332] Fake format
d3d      D         d3d_disp.cpp:1188 real_choose_bitmap_format        [   5.66333] Fake format
d3d      D         d3d_disp.cpp:1196 real_choose_bitmap_format        [   5.66333] Alpha doesn't match
d3d      D         d3d_disp.cpp:1203 real_choose_bitmap_format        [   5.66333] Adapter format is 23
d3d      D         d3d_disp.cpp:1206 real_choose_bitmap_format        [   5.66334] Found a format
d3d      I         d3d_disp.cpp:2377 d3d_create_bitmap                [   5.66334] Chose bitmap format 9
dtor     D               dtor.c:196  _al_register_destructor          [   5.66352] added dtor for bitmap 0000000004D88220, func 0000000061AC1BC7
stdio    D         file_stdio.c:110  file_stdio_fopen                 [   5.66697] opening rocket-4.png rb
d3d      D         d3d_disp.cpp:1188 real_choose_bitmap_format        [   5.66703] Fake format
d3d      D         d3d_disp.cpp:1188 real_choose_bitmap_format        [   5.66704] Fake format
d3d      D         d3d_disp.cpp:1188 real_choose_bitmap_format        [   5.66704] Fake format
d3d      D         d3d_disp.cpp:1188 real_choose_bitmap_format        [   5.66706] Fake format
d3d      D         d3d_disp.cpp:1188 real_choose_bitmap_format        [   5.66706] Fake format
d3d      D         d3d_disp.cpp:1188 real_choose_bitmap_format        [   5.66707] Fake format
d3d      D         d3d_disp.cpp:1188 real_choose_bitmap_format        [   5.66707] Fake format
d3d      D         d3d_disp.cpp:1188 real_choose_bitmap_format        [   5.66707] Fake format
d3d      D         d3d_disp.cpp:1188 real_choose_bitmap_format        [   5.66708] Fake format
d3d      D         d3d_disp.cpp:1196 real_choose_bitmap_format        [   5.66708] Alpha doesn't match
d3d      D         d3d_disp.cpp:1203 real_choose_bitmap_format        [   5.66708] Adapter format is 23
d3d      D         d3d_disp.cpp:1206 real_choose_bitmap_format        [   5.66709] Found a format
d3d      I         d3d_disp.cpp:2377 d3d_create_bitmap                [   5.66709] Chose bitmap format 9
dtor     D               dtor.c:196  _al_register_destructor          [   5.66716] added dtor for bitmap 0000000004E62750, func 0000000061AC1BC7
stdio    D         file_stdio.c:110  file_stdio_fopen                 [   5.67059] opening image12.png rb
d3d      D         d3d_disp.cpp:1188 real_choose_bitmap_format        [   5.67065] Fake format
d3d      D         d3d_disp.cpp:1188 real_choose_bitmap_format        [   5.67066] Fake format
d3d      D         d3d_disp.cpp:1188 real_choose_bitmap_format        [   5.67066] Fake format
d3d      D         d3d_disp.cpp:1188 real_choose_bitmap_format        [   5.67066] Fake format
d3d      D         d3d_disp.cpp:1188 real_choose_bitmap_format        [   5.67067] Fake format
d3d      D         d3d_disp.cpp:1188 real_choose_bitmap_format        [   5.67067] Fake format
d3d      D         d3d_disp.cpp:1188 real_choose_bitmap_format        [   5.67067] Fake format
d3d      D         d3d_disp.cpp:1188 real_choose_bitmap_format        [   5.67068] Fake format
d3d      D         d3d_disp.cpp:1188 real_choose_bitmap_format        [   5.67068] Fake format
d3d      D         d3d_disp.cpp:1196 real_choose_bitmap_format        [   5.67068] Alpha doesn't match
d3d      D         d3d_disp.cpp:1203 real_choose_bitmap_format        [   5.67069] Adapter format is 23
d3d      D         d3d_disp.cpp:1206 real_choose_bitmap_format        [   5.67069] Found a format
d3d      I         d3d_disp.cpp:2377 d3d_create_bitmap                [   5.67069] Chose bitmap format 9
dtor     D               dtor.c:196  _al_register_destructor          [   5.67075] added dtor for bitmap 0000000004DE67C0, func 0000000061AC1BC7
stdio    D         file_stdio.c:110  file_stdio_fopen                 [   5.67081] opening rocket-1.png rb
d3d      D         d3d_disp.cpp:1188 real_choose_bitmap_format        [   5.67086] Fake format
d3d      D         d3d_disp.cpp:1188 real_choose_bitmap_format        [   5.67086] Fake format
d3d      D         d3d_disp.cpp:1188 real_choose_bitmap_format        [   5.67086] Fake format
d3d      D         d3d_disp.cpp:1188 real_choose_bitmap_format        [   5.67087] Fake format
d3d      D         d3d_disp.cpp:1188 real_choose_bitmap_format        [   5.67087] Fake format
d3d      D         d3d_disp.cpp:1188 real_choose_bitmap_format        [   5.67087] Fake format
d3d      D         d3d_disp.cpp:1188 real_choose_bitmap_format        [   5.67088] Fake format
d3d      D         d3d_disp.cpp:1188 real_choose_bitmap_format        [   5.67088] Fake format
d3d      D         d3d_disp.cpp:1188 real_choose_bitmap_format        [   5.67088] Fake format
d3d      D         d3d_disp.cpp:1196 real_choose_bitmap_format        [   5.67089] Alpha doesn't match
d3d      D         d3d_disp.cpp:1203 real_choose_bitmap_format        [   5.67089] Adapter format is 23
d3d      D         d3d_disp.cpp:1206 real_choose_bitmap_format        [   5.67089] Found a format
d3d      I         d3d_disp.cpp:2377 d3d_create_bitmap                [   5.67090] Chose bitmap format 9
dtor     D               dtor.c:196  _al_register_destructor          [   5.67094] added dtor for bitmap 0000000004D883B0, func 0000000061AC1BC7
acodec   I                ogg.c:204  _al_load_ogg_vorbis              [   5.67108] Loading sample mythica.ogg.
stdio    D         file_stdio.c:110  file_stdio_fopen                 [   5.67108] opening mythica.ogg rb
acodec   D                ogg.c:263  _al_load_ogg_vorbis_f            [   5.67145] channels 2
acodec   D                ogg.c:264  _al_load_ogg_vorbis_f            [   5.67146] word_size 2
acodec   D                ogg.c:265  _al_load_ogg_vorbis_f            [   5.67146] rate 44100
acodec   D                ogg.c:266  _al_load_ogg_vorbis_f            [   5.67146] total_samples 13762560
acodec   D                ogg.c:267  _al_load_ogg_vorbis_f            [   5.67147] total_size 55050240
dtor     D               dtor.c:196  _al_register_destructor          [   6.19856] added dtor for sample 0000000004D90B90, func 0000000061BEB67C
d3d      D          d3d_bmp.cpp:539  _al_d3d_sync_bitmap              [   6.21229] _al_d3d_sync_bitmap (system) ref count == 1
d3d      D          d3d_bmp.cpp:545  _al_d3d_sync_bitmap              [   6.21231] _al_d3d_sync_bitmap (video) ref count == 1
d3d      D          d3d_bmp.cpp:539  _al_d3d_sync_bitmap              [   6.21418] _al_d3d_sync_bitmap (system) ref count == 1
d3d      D          d3d_bmp.cpp:545  _al_d3d_sync_bitmap              [   6.21419] _al_d3d_sync_bitmap (video) ref count == 1
d3d      D          d3d_bmp.cpp:539  _al_d3d_sync_bitmap              [   6.21442] _al_d3d_sync_bitmap (system) ref count == 1
d3d      D          d3d_bmp.cpp:545  _al_d3d_sync_bitmap              [   6.21442] _al_d3d_sync_bitmap (video) ref count == 1
d3d      D          d3d_bmp.cpp:539  _al_d3d_sync_bitmap              [   6.21466] _al_d3d_sync_bitmap (system) ref count == 1
d3d      D          d3d_bmp.cpp:545  _al_d3d_sync_bitmap              [   6.21466] _al_d3d_sync_bitmap (video) ref count == 1
d3d      D          d3d_bmp.cpp:539  _al_d3d_sync_bitmap              [   6.21489] _al_d3d_sync_bitmap (system) ref count == 1
d3d      D          d3d_bmp.cpp:545  _al_d3d_sync_bitmap              [   6.21490] _al_d3d_sync_bitmap (video) ref count == 1
dtor     D               dtor.c:227  _al_unregister_destructor        [  10.70517] removed dtor for bitmap 0000000004D88090
dtor     D               dtor.c:227  _al_unregister_destructor        [  10.70560] removed dtor for bitmap 0000000004D88220
dtor     D               dtor.c:227  _al_unregister_destructor        [  10.70563] removed dtor for bitmap 0000000004E62750
dtor     D               dtor.c:227  _al_unregister_destructor        [  10.70565] removed dtor for sample 0000000004D90B90
dtor     D               dtor.c:227  _al_unregister_destructor        [  10.70921] removed dtor for bitmap 0000000004DE67C0
stdio    D         file_stdio.c:110  file_stdio_fopen                 [  10.71747] opening main-bg.jpg rb
d3d      D         d3d_disp.cpp:1188 real_choose_bitmap_format        [  10.72053] Fake format
d3d      D         d3d_disp.cpp:1188 real_choose_bitmap_format        [  10.72054] Fake format
d3d      D         d3d_disp.cpp:1188 real_choose_bitmap_format        [  10.72054] Fake format
d3d      D         d3d_disp.cpp:1188 real_choose_bitmap_format        [  10.72054] Fake format
d3d      D         d3d_disp.cpp:1188 real_choose_bitmap_format        [  10.72055] Fake format
d3d      D         d3d_disp.cpp:1188 real_choose_bitmap_format        [  10.72055] Fake format
d3d      D         d3d_disp.cpp:1188 real_choose_bitmap_format        [  10.72055] Fake format
d3d      D         d3d_disp.cpp:1188 real_choose_bitmap_format        [  10.72056] Fake format
d3d      D         d3d_disp.cpp:1188 real_choose_bitmap_format        [  10.72056] Fake format
d3d      D         d3d_disp.cpp:1196 real_choose_bitmap_format        [  10.72056] Alpha doesn't match
d3d      D         d3d_disp.cpp:1203 real_choose_bitmap_format        [  10.72057] Adapter format is 23
d3d      D         d3d_disp.cpp:1206 real_choose_bitmap_format        [  10.72057] Found a format
d3d      I         d3d_disp.cpp:2377 d3d_create_bitmap                [  10.72058] Chose bitmap format 9
dtor     D               dtor.c:196  _al_register_destructor          [  10.72068] added dtor for bitmap 0000000004DA8B00, func 0000000061AC1BC7
d3d      D         d3d_disp.cpp:1188 real_choose_bitmap_format        [  10.72999] Fake format
d3d      D         d3d_disp.cpp:1188 real_choose_bitmap_format        [  10.73000] Fake format
d3d      D         d3d_disp.cpp:1188 real_choose_bitmap_format        [  10.73000] Fake format
d3d      D         d3d_disp.cpp:1188 real_choose_bitmap_format        [  10.73001] Fake format
d3d      D         d3d_disp.cpp:1188 real_choose_bitmap_format        [  10.73001] Fake format
d3d      D         d3d_disp.cpp:1188 real_choose_bitmap_format        [  10.73001] Fake format
d3d      D         d3d_disp.cpp:1188 real_choose_bitmap_format        [  10.73002] Fake format
d3d      D         d3d_disp.cpp:1188 real_choose_bitmap_format        [  10.73002] Fake format
d3d      D         d3d_disp.cpp:1188 real_choose_bitmap_format        [  10.73002] Fake format
d3d      D         d3d_disp.cpp:1196 real_choose_bitmap_format        [  10.73002] Alpha doesn't match
d3d      D         d3d_disp.cpp:1203 real_choose_bitmap_format        [  10.73003] Adapter format is 23
d3d      D         d3d_disp.cpp:1206 real_choose_bitmap_format        [  10.73003] Found a format
d3d      I         d3d_disp.cpp:2377 d3d_create_bitmap                [  10.73004] Chose bitmap format 9
dtor     D               dtor.c:196  _al_register_destructor          [  10.73016] added dtor for bitmap 0000000004DA7CF0, func 0000000061AC1BC7
dtor     D               dtor.c:227  _al_unregister_destructor        [  10.73019] removed dtor for bitmap 0000000004DA8B00
stdio    D         file_stdio.c:110  file_stdio_fopen                 [  10.73664] opening settings.png rb
d3d      D         d3d_disp.cpp:1188 real_choose_bitmap_format        [  10.73673] Fake format
d3d      D         d3d_disp.cpp:1188 real_choose_bitmap_format        [  10.73673] Fake format
d3d      D         d3d_disp.cpp:1188 real_choose_bitmap_format        [  10.73674] Fake format
d3d      D         d3d_disp.cpp:1188 real_choose_bitmap_format        [  10.73674] Fake format
d3d      D         d3d_disp.cpp:1188 real_choose_bitmap_format        [  10.73674] Fake format
d3d      D         d3d_disp.cpp:1188 real_choose_bitmap_format        [  10.73674] Fake format
d3d      D         d3d_disp.cpp:1188 real_choose_bitmap_format        [  10.73675] Fake format
d3d      D         d3d_disp.cpp:1188 real_choose_bitmap_format        [  10.73675] Fake format
d3d      D         d3d_disp.cpp:1188 real_choose_bitmap_format        [  10.73676] Fake format
d3d      D         d3d_disp.cpp:1196 real_choose_bitmap_format        [  10.73676] Alpha doesn't match
d3d      D         d3d_disp.cpp:1203 real_choose_bitmap_format        [  10.73677] Adapter format is 23
d3d      D         d3d_disp.cpp:1206 real_choose_bitmap_format        [  10.73677] Found a format
d3d      I         d3d_disp.cpp:2377 d3d_create_bitmap                [  10.73677] Chose bitmap format 9
dtor     D               dtor.c:196  _al_register_destructor          [  10.73686] added dtor for bitmap 0000000004DA8330, func 0000000061AC1BC7
stdio    D         file_stdio.c:110  file_stdio_fopen                 [  10.73696] opening settings2.png rb
d3d      D         d3d_disp.cpp:1188 real_choose_bitmap_format        [  10.73701] Fake format
d3d      D         d3d_disp.cpp:1188 real_choose_bitmap_format        [  10.73701] Fake format
d3d      D         d3d_disp.cpp:1188 real_choose_bitmap_format        [  10.73701] Fake format
d3d      D         d3d_disp.cpp:1188 real_choose_bitmap_format        [  10.73702] Fake format
d3d      D         d3d_disp.cpp:1188 real_choose_bitmap_format        [  10.73702] Fake format
d3d      D         d3d_disp.cpp:1188 real_choose_bitmap_format        [  10.73702] Fake format
d3d      D         d3d_disp.cpp:1188 real_choose_bitmap_format        [  10.73703] Fake format
d3d      D         d3d_disp.cpp:1188 real_choose_bitmap_format        [  10.73703] Fake format
d3d      D         d3d_disp.cpp:1188 real_choose_bitmap_format        [  10.73703] Fake format
d3d      D         d3d_disp.cpp:1196 real_choose_bitmap_format        [  10.73703] Alpha doesn't match
d3d      D         d3d_disp.cpp:1203 real_choose_bitmap_format        [  10.73704] Adapter format is 23
d3d      D         d3d_disp.cpp:1206 real_choose_bitmap_format        [  10.73704] Found a format
d3d      I         d3d_disp.cpp:2377 d3d_create_bitmap                [  10.73705] Chose bitmap format 9
dtor     D               dtor.c:196  _al_register_destructor          [  10.73709] added dtor for bitmap 0000000004DA84C0, func 0000000061AC1BC7
acodec   I                ogg.c:204  _al_load_ogg_vorbis              [  10.73717] Loading sample S31-Night Prowler.ogg.
stdio    D         file_stdio.c:110  file_stdio_fopen                 [  10.73717] opening S31-Night Prowler.ogg rb
acodec   D                ogg.c:263  _al_load_ogg_vorbis_f            [  10.73752] channels 2
acodec   D                ogg.c:264  _al_load_ogg_vorbis_f            [  10.73752] word_size 2
acodec   D                ogg.c:265  _al_load_ogg_vorbis_f            [  10.73753] rate 44100
acodec   D                ogg.c:266  _al_load_ogg_vorbis_f            [  10.73753] total_samples 6735120
acodec   D                ogg.c:267  _al_load_ogg_vorbis_f            [  10.73753] total_size 26940480
dtor     D               dtor.c:196  _al_register_destructor          [  10.98882] added dtor for sample 0000000004D90800, func 0000000061BEB67C
d3d      D          d3d_bmp.cpp:539  _al_d3d_sync_bitmap              [  10.99911] _al_d3d_sync_bitmap (system) ref count == 1
d3d      D          d3d_bmp.cpp:545  _al_d3d_sync_bitmap              [  10.99912] _al_d3d_sync_bitmap (video) ref count == 1
d3d      D          d3d_bmp.cpp:539  _al_d3d_sync_bitmap              [  11.00483] _al_d3d_sync_bitmap (system) ref count == 1
d3d      D          d3d_bmp.cpp:545  _al_d3d_sync_bitmap              [  11.00485] _al_d3d_sync_bitmap (video) ref count == 1
d3d      D          d3d_bmp.cpp:539  _al_d3d_sync_bitmap              [  11.00519] _al_d3d_sync_bitmap (system) ref count == 1
d3d      D          d3d_bmp.cpp:545  _al_d3d_sync_bitmap              [  11.00520] _al_d3d_sync_bitmap (video) ref count == 1
dtor     D               dtor.c:227  _al_unregister_destructor        [  12.81280] removed dtor for sample 0000000004D90800
dtor     D               dtor.c:227  _al_unregister_destructor        [  12.81470] removed dtor for bitmap 0000000004DA7CF0
dtor     D               dtor.c:227  _al_unregister_destructor        [  12.81506] removed dtor for bitmap 0000000004DA8330
dtor     D               dtor.c:227  _al_unregister_destructor        [  12.81509] removed dtor for bitmap 0000000004DA84C0
dtor     D               dtor.c:227  _al_unregister_destructor        [  12.82302] removed dtor for ttf_font 000000000275AF10
dtor     D               dtor.c:227  _al_unregister_destructor        [  12.82324] removed dtor for ttf_font 000000000275AC70
dtor     D               dtor.c:227  _al_unregister_destructor        [  12.82343] removed dtor for timer 000000000275B590
dtor     D               dtor.c:227  _al_unregister_destructor        [  12.82348] removed dtor for queue 000000000275E560
d3d      I         d3d_disp.cpp:901  d3d_destroy_display              [  12.82351] destroying display 0000000002681AB0 (current 0000000000000000)
bitmap   D        bitmap_type.c:308  _al_convert_to_memory_bitmap     [  12.82751] converting display bitmap 0000000004D883B0 to memory bitmap
dtor     D               dtor.c:196  _al_register_destructor          [  12.82753] added dtor for bitmap 0000000004DA7CF0, func 0000000061AC1BC7
d3d      D          d3d_bmp.cpp:539  _al_d3d_sync_bitmap              [  12.82754] _al_d3d_sync_bitmap (system) ref count == 1
d3d      D          d3d_bmp.cpp:545  _al_d3d_sync_bitmap              [  12.82754] _al_d3d_sync_bitmap (video) ref count == 1
dtor     D               dtor.c:227  _al_unregister_destructor        [  12.82778] removed dtor for bitmap 0000000004DA7CF0
bitmap   D        bitmap_type.c:308  _al_convert_to_memory_bitmap     [  12.82780] converting display bitmap 0000000004D87F00 to memory bitmap
dtor     D               dtor.c:196  _al_register_destructor          [  12.82781] added dtor for bitmap 0000000004DA7E80, func 0000000061AC1BC7
d3d      D          d3d_bmp.cpp:539  _al_d3d_sync_bitmap              [  12.82782] _al_d3d_sync_bitmap (system) ref count == 1
d3d      D          d3d_bmp.cpp:545  _al_d3d_sync_bitmap              [  12.82782] _al_d3d_sync_bitmap (video) ref count == 1
dtor     D               dtor.c:227  _al_unregister_destructor        [  12.82806] removed dtor for bitmap 0000000004DA7E80
d3d      D         d3d_disp.cpp:885  d3d_destroy_display_internals    [  12.82809] waiting for display 0000000002681AB0's thread to end
d3d      W         d3d_disp.cpp:595  d3d_destroy_device               [  12.83899] d3d_destroy_device: ref count not 0
d3d      I         d3d_disp.cpp:1548 d3d_display_thread_proc          [  12.84169] d3d display thread exits
dtor     D               dtor.c:116  _al_run_destructors              [  12.84240] calling dtor for bitmap 0000000004D883B0, func 0000000061AC1BC7
dtor     D               dtor.c:227  _al_unregister_destructor        [  12.84242] removed dtor for bitmap 0000000004D883B0
dtor     D               dtor.c:116  _al_run_destructors              [  12.84243] calling dtor for bitmap 0000000004D87F00, func 0000000061AC1BC7
dtor     D               dtor.c:227  _al_unregister_destructor        [  12.84243] removed dtor for bitmap 0000000004D87F00
dtor     D               dtor.c:227  _al_unregister_destructor        [  12.84244] removed dtor for sample_instance 0000000000EBB000
dtor     D               dtor.c:227  _al_unregister_destructor        [  12.84245] removed dtor for sample_instance 0000000000EBB400
dtor     D               dtor.c:227  _al_unregister_destructor        [  12.84245] removed dtor for sample_instance 0000000000EBA560
dtor     D               dtor.c:227  _al_unregister_destructor        [  12.84246] removed dtor for sample_instance 0000000000EBA6B0
dtor     D               dtor.c:227  _al_unregister_destructor        [  12.84246] removed dtor for sample_instance 00000000026800B0
dtor     D               dtor.c:227  _al_unregister_destructor        [  12.84247] removed dtor for sample_instance 00000000026805E0
dtor     D               dtor.c:227  _al_unregister_destructor        [  12.84248] removed dtor for sample_instance 0000000002680700
dtor     D               dtor.c:227  _al_unregister_destructor        [  12.84249] removed dtor for sample_instance 0000000002680820
dtor     D               dtor.c:227  _al_unregister_destructor        [  12.84249] removed dtor for sample_instance 0000000002680A50
dtor     D               dtor.c:227  _al_unregister_destructor        [  12.84250] removed dtor for sample_instance 0000000002680B70
dtor     D               dtor.c:227  _al_unregister_destructor        [  12.84250] removed dtor for mixer 0000000000EBA2D0
audio-dsound D           dsound.cpp:528  _dsound_stop_voice               [  12.84251] Stopping voice
audio-dsound D           dsound.cpp:545  _dsound_stop_voice               [  12.84251] Joining thread
audio-dsound D           dsound.cpp:551  _dsound_stop_voice               [  12.84361] Joined thread
audio-dsound D           dsound.cpp:553  _dsound_stop_voice               [  12.84362] Destroying thread
audio-dsound D           dsound.cpp:555  _dsound_stop_voice               [  12.84362] Thread destroyed
audio-dsound D           dsound.cpp:562  _dsound_stop_voice               [  12.84363] Releasing buffer
audio-dsound I           dsound.cpp:566  _dsound_stop_voice               [  12.84363] Voice stopped
dtor     D               dtor.c:227  _al_unregister_destructor        [  12.84364] removed dtor for voice 0000000000EB9B30
audio-dsound D           dsound.cpp:380  _dsound_deallocate_voice         [  12.84364] Deallocating voice
audio-dsound D           dsound.cpp:385  _dsound_deallocate_voice         [  12.84365] Deallocated voice
audio-dsound D           dsound.cpp:296  _dsound_close                    [  12.84365] Releasing device
audio-dsound D           dsound.cpp:298  _dsound_close                    [  12.85885] Released device
audio-dsound I           dsound.cpp:299  _dsound_close                    [  12.85887] DirectSound closed
